        -:    0:Source:utils/AuxiliaresConsole.cpp
        -:    0:Programs:69
        -:    1:#include <AuxiliaresConsole.hpp>
        -:    2:
        -:    3:namespace auxiliaresConsole {
    #####:    4:	void limpaConsole() {
    #####:    5:		cout << "\033[2J\033[1;1H";
    #####:    6:	}
------------------
_ZN17auxiliaresConsole12limpaConsoleEv:
    #####:    4:	void limpaConsole() {
    #####:    5:		cout << "\033[2J\033[1;1H";
    #####:    6:	}
------------------
_ZN17auxiliaresConsole12limpaConsoleEv:
    #####:    4:	void limpaConsole() {
    #####:    5:		cout << "\033[2J\033[1;1H";
    #####:    6:	}
------------------
_ZN17auxiliaresConsole12limpaConsoleEv:
    #####:    4:	void limpaConsole() {
    #####:    5:		cout << "\033[2J\033[1;1H";
    #####:    6:	}
------------------
_ZN17auxiliaresConsole12limpaConsoleEv:
    #####:    4:	void limpaConsole() {
    #####:    5:		cout << "\033[2J\033[1;1H";
    #####:    6:	}
------------------
_ZN17auxiliaresConsole12limpaConsoleEv:
    #####:    4:	void limpaConsole() {
    #####:    5:		cout << "\033[2J\033[1;1H";
    #####:    6:	}
------------------
_ZN17auxiliaresConsole12limpaConsoleEv:
    #####:    4:	void limpaConsole() {
    #####:    5:		cout << "\033[2J\033[1;1H";
    #####:    6:	}
------------------
_ZN17auxiliaresConsole12limpaConsoleEv:
    #####:    4:	void limpaConsole() {
    #####:    5:		cout << "\033[2J\033[1;1H";
    #####:    6:	}
------------------
_ZN17auxiliaresConsole12limpaConsoleEv:
    #####:    4:	void limpaConsole() {
    #####:    5:		cout << "\033[2J\033[1;1H";
    #####:    6:	}
------------------
_ZN17auxiliaresConsole12limpaConsoleEv:
    #####:    4:	void limpaConsole() {
    #####:    5:		cout << "\033[2J\033[1;1H";
    #####:    6:	}
------------------
_ZN17auxiliaresConsole12limpaConsoleEv:
    #####:    4:	void limpaConsole() {
    #####:    5:		cout << "\033[2J\033[1;1H";
    #####:    6:	}
------------------
_ZN17auxiliaresConsole12limpaConsoleEv:
    #####:    4:	void limpaConsole() {
    #####:    5:		cout << "\033[2J\033[1;1H";
    #####:    6:	}
------------------
_ZN17auxiliaresConsole12limpaConsoleEv:
    #####:    4:	void limpaConsole() {
    #####:    5:		cout << "\033[2J\033[1;1H";
    #####:    6:	}
------------------
_ZN17auxiliaresConsole12limpaConsoleEv:
    #####:    4:	void limpaConsole() {
    #####:    5:		cout << "\033[2J\033[1;1H";
    #####:    6:	}
------------------
_ZN17auxiliaresConsole12limpaConsoleEv:
    #####:    4:	void limpaConsole() {
    #####:    5:		cout << "\033[2J\033[1;1H";
    #####:    6:	}
------------------
_ZN17auxiliaresConsole12limpaConsoleEv:
    #####:    4:	void limpaConsole() {
    #####:    5:		cout << "\033[2J\033[1;1H";
    #####:    6:	}
------------------
_ZN17auxiliaresConsole12limpaConsoleEv:
    #####:    4:	void limpaConsole() {
    #####:    5:		cout << "\033[2J\033[1;1H";
    #####:    6:	}
------------------
_ZN17auxiliaresConsole12limpaConsoleEv:
    #####:    4:	void limpaConsole() {
    #####:    5:		cout << "\033[2J\033[1;1H";
    #####:    6:	}
------------------
_ZN17auxiliaresConsole12limpaConsoleEv:
    #####:    4:	void limpaConsole() {
    #####:    5:		cout << "\033[2J\033[1;1H";
    #####:    6:	}
------------------
_ZN17auxiliaresConsole12limpaConsoleEv:
    #####:    4:	void limpaConsole() {
    #####:    5:		cout << "\033[2J\033[1;1H";
    #####:    6:	}
------------------
_ZN17auxiliaresConsole12limpaConsoleEv:
    #####:    4:	void limpaConsole() {
    #####:    5:		cout << "\033[2J\033[1;1H";
    #####:    6:	}
------------------
_ZN17auxiliaresConsole12limpaConsoleEv:
    #####:    4:	void limpaConsole() {
    #####:    5:		cout << "\033[2J\033[1;1H";
    #####:    6:	}
------------------
_ZN17auxiliaresConsole12limpaConsoleEv:
    #####:    4:	void limpaConsole() {
    #####:    5:		cout << "\033[2J\033[1;1H";
    #####:    6:	}
------------------
_ZN17auxiliaresConsole12limpaConsoleEv:
    #####:    4:	void limpaConsole() {
    #####:    5:		cout << "\033[2J\033[1;1H";
    #####:    6:	}
------------------
        -:    7:
    #####:    8:	void imprimirPausadamente(string mensagem, int velocidade) {
    #####:    9:		for (char const& c : mensagem) {
    #####:   10:			cout << c << flush;
    #####:   11:			this_thread::sleep_for(chrono::milliseconds(velocidade));
        -:   12:		}
    #####:   13:	}
------------------
_ZN17auxiliaresConsole20imprimirPausadamenteENSt7__cxx1112basic_stringIcSt11char_traitsIcESaIcEEEi:
    #####:    8:	void imprimirPausadamente(string mensagem, int velocidade) {
    #####:    9:		for (char const& c : mensagem) {
    #####:   10:			cout << c << flush;
    #####:   11:			this_thread::sleep_for(chrono::milliseconds(velocidade));
        -:   12:		}
    #####:   13:	}
------------------
_ZN17auxiliaresConsole20imprimirPausadamenteENSt7__cxx1112basic_stringIcSt11char_traitsIcESaIcEEEi:
    #####:    8:	void imprimirPausadamente(string mensagem, int velocidade) {
    #####:    9:		for (char const& c : mensagem) {
    #####:   10:			cout << c << flush;
    #####:   11:			this_thread::sleep_for(chrono::milliseconds(velocidade));
        -:   12:		}
    #####:   13:	}
------------------
_ZN17auxiliaresConsole20imprimirPausadamenteENSt7__cxx1112basic_stringIcSt11char_traitsIcESaIcEEEi:
    #####:    8:	void imprimirPausadamente(string mensagem, int velocidade) {
    #####:    9:		for (char const& c : mensagem) {
    #####:   10:			cout << c << flush;
    #####:   11:			this_thread::sleep_for(chrono::milliseconds(velocidade));
        -:   12:		}
    #####:   13:	}
------------------
_ZN17auxiliaresConsole20imprimirPausadamenteENSt7__cxx1112basic_stringIcSt11char_traitsIcESaIcEEEi:
    #####:    8:	void imprimirPausadamente(string mensagem, int velocidade) {
    #####:    9:		for (char const& c : mensagem) {
    #####:   10:			cout << c << flush;
    #####:   11:			this_thread::sleep_for(chrono::milliseconds(velocidade));
        -:   12:		}
    #####:   13:	}
------------------
_ZN17auxiliaresConsole20imprimirPausadamenteENSt7__cxx1112basic_stringIcSt11char_traitsIcESaIcEEEi:
    #####:    8:	void imprimirPausadamente(string mensagem, int velocidade) {
    #####:    9:		for (char const& c : mensagem) {
    #####:   10:			cout << c << flush;
    #####:   11:			this_thread::sleep_for(chrono::milliseconds(velocidade));
        -:   12:		}
    #####:   13:	}
------------------
_ZN17auxiliaresConsole20imprimirPausadamenteENSt7__cxx1112basic_stringIcSt11char_traitsIcESaIcEEEi:
    #####:    8:	void imprimirPausadamente(string mensagem, int velocidade) {
    #####:    9:		for (char const& c : mensagem) {
    #####:   10:			cout << c << flush;
    #####:   11:			this_thread::sleep_for(chrono::milliseconds(velocidade));
        -:   12:		}
    #####:   13:	}
------------------
_ZN17auxiliaresConsole20imprimirPausadamenteENSt7__cxx1112basic_stringIcSt11char_traitsIcESaIcEEEi:
    #####:    8:	void imprimirPausadamente(string mensagem, int velocidade) {
    #####:    9:		for (char const& c : mensagem) {
    #####:   10:			cout << c << flush;
    #####:   11:			this_thread::sleep_for(chrono::milliseconds(velocidade));
        -:   12:		}
    #####:   13:	}
------------------
_ZN17auxiliaresConsole20imprimirPausadamenteENSt7__cxx1112basic_stringIcSt11char_traitsIcESaIcEEEi:
    #####:    8:	void imprimirPausadamente(string mensagem, int velocidade) {
    #####:    9:		for (char const& c : mensagem) {
    #####:   10:			cout << c << flush;
    #####:   11:			this_thread::sleep_for(chrono::milliseconds(velocidade));
        -:   12:		}
    #####:   13:	}
------------------
_ZN17auxiliaresConsole20imprimirPausadamenteENSt7__cxx1112basic_stringIcSt11char_traitsIcESaIcEEEi:
    #####:    8:	void imprimirPausadamente(string mensagem, int velocidade) {
    #####:    9:		for (char const& c : mensagem) {
    #####:   10:			cout << c << flush;
    #####:   11:			this_thread::sleep_for(chrono::milliseconds(velocidade));
        -:   12:		}
    #####:   13:	}
------------------
_ZN17auxiliaresConsole20imprimirPausadamenteENSt7__cxx1112basic_stringIcSt11char_traitsIcESaIcEEEi:
    #####:    8:	void imprimirPausadamente(string mensagem, int velocidade) {
    #####:    9:		for (char const& c : mensagem) {
    #####:   10:			cout << c << flush;
    #####:   11:			this_thread::sleep_for(chrono::milliseconds(velocidade));
        -:   12:		}
    #####:   13:	}
------------------
_ZN17auxiliaresConsole20imprimirPausadamenteENSt7__cxx1112basic_stringIcSt11char_traitsIcESaIcEEEi:
    #####:    8:	void imprimirPausadamente(string mensagem, int velocidade) {
    #####:    9:		for (char const& c : mensagem) {
    #####:   10:			cout << c << flush;
    #####:   11:			this_thread::sleep_for(chrono::milliseconds(velocidade));
        -:   12:		}
    #####:   13:	}
------------------
_ZN17auxiliaresConsole20imprimirPausadamenteENSt7__cxx1112basic_stringIcSt11char_traitsIcESaIcEEEi:
    #####:    8:	void imprimirPausadamente(string mensagem, int velocidade) {
    #####:    9:		for (char const& c : mensagem) {
    #####:   10:			cout << c << flush;
    #####:   11:			this_thread::sleep_for(chrono::milliseconds(velocidade));
        -:   12:		}
    #####:   13:	}
------------------
_ZN17auxiliaresConsole20imprimirPausadamenteENSt7__cxx1112basic_stringIcSt11char_traitsIcESaIcEEEi:
    #####:    8:	void imprimirPausadamente(string mensagem, int velocidade) {
    #####:    9:		for (char const& c : mensagem) {
    #####:   10:			cout << c << flush;
    #####:   11:			this_thread::sleep_for(chrono::milliseconds(velocidade));
        -:   12:		}
    #####:   13:	}
------------------
_ZN17auxiliaresConsole20imprimirPausadamenteENSt7__cxx1112basic_stringIcSt11char_traitsIcESaIcEEEi:
    #####:    8:	void imprimirPausadamente(string mensagem, int velocidade) {
    #####:    9:		for (char const& c : mensagem) {
    #####:   10:			cout << c << flush;
    #####:   11:			this_thread::sleep_for(chrono::milliseconds(velocidade));
        -:   12:		}
    #####:   13:	}
------------------
_ZN17auxiliaresConsole20imprimirPausadamenteENSt7__cxx1112basic_stringIcSt11char_traitsIcESaIcEEEi:
    #####:    8:	void imprimirPausadamente(string mensagem, int velocidade) {
    #####:    9:		for (char const& c : mensagem) {
    #####:   10:			cout << c << flush;
    #####:   11:			this_thread::sleep_for(chrono::milliseconds(velocidade));
        -:   12:		}
    #####:   13:	}
------------------
_ZN17auxiliaresConsole20imprimirPausadamenteENSt7__cxx1112basic_stringIcSt11char_traitsIcESaIcEEEi:
    #####:    8:	void imprimirPausadamente(string mensagem, int velocidade) {
    #####:    9:		for (char const& c : mensagem) {
    #####:   10:			cout << c << flush;
    #####:   11:			this_thread::sleep_for(chrono::milliseconds(velocidade));
        -:   12:		}
    #####:   13:	}
------------------
_ZN17auxiliaresConsole20imprimirPausadamenteENSt7__cxx1112basic_stringIcSt11char_traitsIcESaIcEEEi:
    #####:    8:	void imprimirPausadamente(string mensagem, int velocidade) {
    #####:    9:		for (char const& c : mensagem) {
    #####:   10:			cout << c << flush;
    #####:   11:			this_thread::sleep_for(chrono::milliseconds(velocidade));
        -:   12:		}
    #####:   13:	}
------------------
_ZN17auxiliaresConsole20imprimirPausadamenteENSt7__cxx1112basic_stringIcSt11char_traitsIcESaIcEEEi:
    #####:    8:	void imprimirPausadamente(string mensagem, int velocidade) {
    #####:    9:		for (char const& c : mensagem) {
    #####:   10:			cout << c << flush;
    #####:   11:			this_thread::sleep_for(chrono::milliseconds(velocidade));
        -:   12:		}
    #####:   13:	}
------------------
_ZN17auxiliaresConsole20imprimirPausadamenteENSt7__cxx1112basic_stringIcSt11char_traitsIcESaIcEEEi:
    #####:    8:	void imprimirPausadamente(string mensagem, int velocidade) {
    #####:    9:		for (char const& c : mensagem) {
    #####:   10:			cout << c << flush;
    #####:   11:			this_thread::sleep_for(chrono::milliseconds(velocidade));
        -:   12:		}
    #####:   13:	}
------------------
_ZN17auxiliaresConsole20imprimirPausadamenteENSt7__cxx1112basic_stringIcSt11char_traitsIcESaIcEEEi:
    #####:    8:	void imprimirPausadamente(string mensagem, int velocidade) {
    #####:    9:		for (char const& c : mensagem) {
    #####:   10:			cout << c << flush;
    #####:   11:			this_thread::sleep_for(chrono::milliseconds(velocidade));
        -:   12:		}
    #####:   13:	}
------------------
_ZN17auxiliaresConsole20imprimirPausadamenteENSt7__cxx1112basic_stringIcSt11char_traitsIcESaIcEEEi:
    #####:    8:	void imprimirPausadamente(string mensagem, int velocidade) {
    #####:    9:		for (char const& c : mensagem) {
    #####:   10:			cout << c << flush;
    #####:   11:			this_thread::sleep_for(chrono::milliseconds(velocidade));
        -:   12:		}
    #####:   13:	}
------------------
_ZN17auxiliaresConsole20imprimirPausadamenteENSt7__cxx1112basic_stringIcSt11char_traitsIcESaIcEEEi:
    #####:    8:	void imprimirPausadamente(string mensagem, int velocidade) {
    #####:    9:		for (char const& c : mensagem) {
    #####:   10:			cout << c << flush;
    #####:   11:			this_thread::sleep_for(chrono::milliseconds(velocidade));
        -:   12:		}
    #####:   13:	}
------------------
_ZN17auxiliaresConsole20imprimirPausadamenteENSt7__cxx1112basic_stringIcSt11char_traitsIcESaIcEEEi:
    #####:    8:	void imprimirPausadamente(string mensagem, int velocidade) {
    #####:    9:		for (char const& c : mensagem) {
    #####:   10:			cout << c << flush;
    #####:   11:			this_thread::sleep_for(chrono::milliseconds(velocidade));
        -:   12:		}
    #####:   13:	}
------------------
        -:   14:
    #####:   15:	void imprimirCentralizadoPausadamente(string s) {
    #####:   16:		limpaConsole();
        -:   17:
    #####:   18:		const char* mensagem = s.c_str();
        -:   19:
    #####:   20:		int l = strlen(mensagem);
    #####:   21:		int pos = (int)((4950 - l) / 2);
    #####:   22:		for (int i = 0; i < pos; i++) {
    #####:   23:			cout << " ";
        -:   24:		}
        -:   25:
    #####:   26:		imprimirPausadamente(mensagem, 60);
    #####:   27:	}
------------------
_ZN17auxiliaresConsole32imprimirCentralizadoPausadamenteENSt7__cxx1112basic_stringIcSt11char_traitsIcESaIcEEE:
    #####:   15:	void imprimirCentralizadoPausadamente(string s) {
    #####:   16:		limpaConsole();
        -:   17:
    #####:   18:		const char* mensagem = s.c_str();
        -:   19:
    #####:   20:		int l = strlen(mensagem);
    #####:   21:		int pos = (int)((4950 - l) / 2);
    #####:   22:		for (int i = 0; i < pos; i++) {
    #####:   23:			cout << " ";
        -:   24:		}
        -:   25:
    #####:   26:		imprimirPausadamente(mensagem, 60);
    #####:   27:	}
------------------
_ZN17auxiliaresConsole32imprimirCentralizadoPausadamenteENSt7__cxx1112basic_stringIcSt11char_traitsIcESaIcEEE:
    #####:   15:	void imprimirCentralizadoPausadamente(string s) {
    #####:   16:		limpaConsole();
        -:   17:
    #####:   18:		const char* mensagem = s.c_str();
        -:   19:
    #####:   20:		int l = strlen(mensagem);
    #####:   21:		int pos = (int)((4950 - l) / 2);
    #####:   22:		for (int i = 0; i < pos; i++) {
    #####:   23:			cout << " ";
        -:   24:		}
        -:   25:
    #####:   26:		imprimirPausadamente(mensagem, 60);
    #####:   27:	}
------------------
_ZN17auxiliaresConsole32imprimirCentralizadoPausadamenteENSt7__cxx1112basic_stringIcSt11char_traitsIcESaIcEEE:
    #####:   15:	void imprimirCentralizadoPausadamente(string s) {
    #####:   16:		limpaConsole();
        -:   17:
    #####:   18:		const char* mensagem = s.c_str();
        -:   19:
    #####:   20:		int l = strlen(mensagem);
    #####:   21:		int pos = (int)((4950 - l) / 2);
    #####:   22:		for (int i = 0; i < pos; i++) {
    #####:   23:			cout << " ";
        -:   24:		}
        -:   25:
    #####:   26:		imprimirPausadamente(mensagem, 60);
    #####:   27:	}
------------------
_ZN17auxiliaresConsole32imprimirCentralizadoPausadamenteENSt7__cxx1112basic_stringIcSt11char_traitsIcESaIcEEE:
    #####:   15:	void imprimirCentralizadoPausadamente(string s) {
    #####:   16:		limpaConsole();
        -:   17:
    #####:   18:		const char* mensagem = s.c_str();
        -:   19:
    #####:   20:		int l = strlen(mensagem);
    #####:   21:		int pos = (int)((4950 - l) / 2);
    #####:   22:		for (int i = 0; i < pos; i++) {
    #####:   23:			cout << " ";
        -:   24:		}
        -:   25:
    #####:   26:		imprimirPausadamente(mensagem, 60);
    #####:   27:	}
------------------
_ZN17auxiliaresConsole32imprimirCentralizadoPausadamenteENSt7__cxx1112basic_stringIcSt11char_traitsIcESaIcEEE:
    #####:   15:	void imprimirCentralizadoPausadamente(string s) {
    #####:   16:		limpaConsole();
        -:   17:
    #####:   18:		const char* mensagem = s.c_str();
        -:   19:
    #####:   20:		int l = strlen(mensagem);
    #####:   21:		int pos = (int)((4950 - l) / 2);
    #####:   22:		for (int i = 0; i < pos; i++) {
    #####:   23:			cout << " ";
        -:   24:		}
        -:   25:
    #####:   26:		imprimirPausadamente(mensagem, 60);
    #####:   27:	}
------------------
_ZN17auxiliaresConsole32imprimirCentralizadoPausadamenteENSt7__cxx1112basic_stringIcSt11char_traitsIcESaIcEEE:
    #####:   15:	void imprimirCentralizadoPausadamente(string s) {
    #####:   16:		limpaConsole();
        -:   17:
    #####:   18:		const char* mensagem = s.c_str();
        -:   19:
    #####:   20:		int l = strlen(mensagem);
    #####:   21:		int pos = (int)((4950 - l) / 2);
    #####:   22:		for (int i = 0; i < pos; i++) {
    #####:   23:			cout << " ";
        -:   24:		}
        -:   25:
    #####:   26:		imprimirPausadamente(mensagem, 60);
    #####:   27:	}
------------------
_ZN17auxiliaresConsole32imprimirCentralizadoPausadamenteENSt7__cxx1112basic_stringIcSt11char_traitsIcESaIcEEE:
    #####:   15:	void imprimirCentralizadoPausadamente(string s) {
    #####:   16:		limpaConsole();
        -:   17:
    #####:   18:		const char* mensagem = s.c_str();
        -:   19:
    #####:   20:		int l = strlen(mensagem);
    #####:   21:		int pos = (int)((4950 - l) / 2);
    #####:   22:		for (int i = 0; i < pos; i++) {
    #####:   23:			cout << " ";
        -:   24:		}
        -:   25:
    #####:   26:		imprimirPausadamente(mensagem, 60);
    #####:   27:	}
------------------
_ZN17auxiliaresConsole32imprimirCentralizadoPausadamenteENSt7__cxx1112basic_stringIcSt11char_traitsIcESaIcEEE:
    #####:   15:	void imprimirCentralizadoPausadamente(string s) {
    #####:   16:		limpaConsole();
        -:   17:
    #####:   18:		const char* mensagem = s.c_str();
        -:   19:
    #####:   20:		int l = strlen(mensagem);
    #####:   21:		int pos = (int)((4950 - l) / 2);
    #####:   22:		for (int i = 0; i < pos; i++) {
    #####:   23:			cout << " ";
        -:   24:		}
        -:   25:
    #####:   26:		imprimirPausadamente(mensagem, 60);
    #####:   27:	}
------------------
_ZN17auxiliaresConsole32imprimirCentralizadoPausadamenteENSt7__cxx1112basic_stringIcSt11char_traitsIcESaIcEEE:
    #####:   15:	void imprimirCentralizadoPausadamente(string s) {
    #####:   16:		limpaConsole();
        -:   17:
    #####:   18:		const char* mensagem = s.c_str();
        -:   19:
    #####:   20:		int l = strlen(mensagem);
    #####:   21:		int pos = (int)((4950 - l) / 2);
    #####:   22:		for (int i = 0; i < pos; i++) {
    #####:   23:			cout << " ";
        -:   24:		}
        -:   25:
    #####:   26:		imprimirPausadamente(mensagem, 60);
    #####:   27:	}
------------------
_ZN17auxiliaresConsole32imprimirCentralizadoPausadamenteENSt7__cxx1112basic_stringIcSt11char_traitsIcESaIcEEE:
    #####:   15:	void imprimirCentralizadoPausadamente(string s) {
    #####:   16:		limpaConsole();
        -:   17:
    #####:   18:		const char* mensagem = s.c_str();
        -:   19:
    #####:   20:		int l = strlen(mensagem);
    #####:   21:		int pos = (int)((4950 - l) / 2);
    #####:   22:		for (int i = 0; i < pos; i++) {
    #####:   23:			cout << " ";
        -:   24:		}
        -:   25:
    #####:   26:		imprimirPausadamente(mensagem, 60);
    #####:   27:	}
------------------
_ZN17auxiliaresConsole32imprimirCentralizadoPausadamenteENSt7__cxx1112basic_stringIcSt11char_traitsIcESaIcEEE:
    #####:   15:	void imprimirCentralizadoPausadamente(string s) {
    #####:   16:		limpaConsole();
        -:   17:
    #####:   18:		const char* mensagem = s.c_str();
        -:   19:
    #####:   20:		int l = strlen(mensagem);
    #####:   21:		int pos = (int)((4950 - l) / 2);
    #####:   22:		for (int i = 0; i < pos; i++) {
    #####:   23:			cout << " ";
        -:   24:		}
        -:   25:
    #####:   26:		imprimirPausadamente(mensagem, 60);
    #####:   27:	}
------------------
_ZN17auxiliaresConsole32imprimirCentralizadoPausadamenteENSt7__cxx1112basic_stringIcSt11char_traitsIcESaIcEEE:
    #####:   15:	void imprimirCentralizadoPausadamente(string s) {
    #####:   16:		limpaConsole();
        -:   17:
    #####:   18:		const char* mensagem = s.c_str();
        -:   19:
    #####:   20:		int l = strlen(mensagem);
    #####:   21:		int pos = (int)((4950 - l) / 2);
    #####:   22:		for (int i = 0; i < pos; i++) {
    #####:   23:			cout << " ";
        -:   24:		}
        -:   25:
    #####:   26:		imprimirPausadamente(mensagem, 60);
    #####:   27:	}
------------------
_ZN17auxiliaresConsole32imprimirCentralizadoPausadamenteENSt7__cxx1112basic_stringIcSt11char_traitsIcESaIcEEE:
    #####:   15:	void imprimirCentralizadoPausadamente(string s) {
    #####:   16:		limpaConsole();
        -:   17:
    #####:   18:		const char* mensagem = s.c_str();
        -:   19:
    #####:   20:		int l = strlen(mensagem);
    #####:   21:		int pos = (int)((4950 - l) / 2);
    #####:   22:		for (int i = 0; i < pos; i++) {
    #####:   23:			cout << " ";
        -:   24:		}
        -:   25:
    #####:   26:		imprimirPausadamente(mensagem, 60);
    #####:   27:	}
------------------
_ZN17auxiliaresConsole32imprimirCentralizadoPausadamenteENSt7__cxx1112basic_stringIcSt11char_traitsIcESaIcEEE:
    #####:   15:	void imprimirCentralizadoPausadamente(string s) {
    #####:   16:		limpaConsole();
        -:   17:
    #####:   18:		const char* mensagem = s.c_str();
        -:   19:
    #####:   20:		int l = strlen(mensagem);
    #####:   21:		int pos = (int)((4950 - l) / 2);
    #####:   22:		for (int i = 0; i < pos; i++) {
    #####:   23:			cout << " ";
        -:   24:		}
        -:   25:
    #####:   26:		imprimirPausadamente(mensagem, 60);
    #####:   27:	}
------------------
_ZN17auxiliaresConsole32imprimirCentralizadoPausadamenteENSt7__cxx1112basic_stringIcSt11char_traitsIcESaIcEEE:
    #####:   15:	void imprimirCentralizadoPausadamente(string s) {
    #####:   16:		limpaConsole();
        -:   17:
    #####:   18:		const char* mensagem = s.c_str();
        -:   19:
    #####:   20:		int l = strlen(mensagem);
    #####:   21:		int pos = (int)((4950 - l) / 2);
    #####:   22:		for (int i = 0; i < pos; i++) {
    #####:   23:			cout << " ";
        -:   24:		}
        -:   25:
    #####:   26:		imprimirPausadamente(mensagem, 60);
    #####:   27:	}
------------------
_ZN17auxiliaresConsole32imprimirCentralizadoPausadamenteENSt7__cxx1112basic_stringIcSt11char_traitsIcESaIcEEE:
    #####:   15:	void imprimirCentralizadoPausadamente(string s) {
    #####:   16:		limpaConsole();
        -:   17:
    #####:   18:		const char* mensagem = s.c_str();
        -:   19:
    #####:   20:		int l = strlen(mensagem);
    #####:   21:		int pos = (int)((4950 - l) / 2);
    #####:   22:		for (int i = 0; i < pos; i++) {
    #####:   23:			cout << " ";
        -:   24:		}
        -:   25:
    #####:   26:		imprimirPausadamente(mensagem, 60);
    #####:   27:	}
------------------
_ZN17auxiliaresConsole32imprimirCentralizadoPausadamenteENSt7__cxx1112basic_stringIcSt11char_traitsIcESaIcEEE:
    #####:   15:	void imprimirCentralizadoPausadamente(string s) {
    #####:   16:		limpaConsole();
        -:   17:
    #####:   18:		const char* mensagem = s.c_str();
        -:   19:
    #####:   20:		int l = strlen(mensagem);
    #####:   21:		int pos = (int)((4950 - l) / 2);
    #####:   22:		for (int i = 0; i < pos; i++) {
    #####:   23:			cout << " ";
        -:   24:		}
        -:   25:
    #####:   26:		imprimirPausadamente(mensagem, 60);
    #####:   27:	}
------------------
_ZN17auxiliaresConsole32imprimirCentralizadoPausadamenteENSt7__cxx1112basic_stringIcSt11char_traitsIcESaIcEEE:
    #####:   15:	void imprimirCentralizadoPausadamente(string s) {
    #####:   16:		limpaConsole();
        -:   17:
    #####:   18:		const char* mensagem = s.c_str();
        -:   19:
    #####:   20:		int l = strlen(mensagem);
    #####:   21:		int pos = (int)((4950 - l) / 2);
    #####:   22:		for (int i = 0; i < pos; i++) {
    #####:   23:			cout << " ";
        -:   24:		}
        -:   25:
    #####:   26:		imprimirPausadamente(mensagem, 60);
    #####:   27:	}
------------------
_ZN17auxiliaresConsole32imprimirCentralizadoPausadamenteENSt7__cxx1112basic_stringIcSt11char_traitsIcESaIcEEE:
    #####:   15:	void imprimirCentralizadoPausadamente(string s) {
    #####:   16:		limpaConsole();
        -:   17:
    #####:   18:		const char* mensagem = s.c_str();
        -:   19:
    #####:   20:		int l = strlen(mensagem);
    #####:   21:		int pos = (int)((4950 - l) / 2);
    #####:   22:		for (int i = 0; i < pos; i++) {
    #####:   23:			cout << " ";
        -:   24:		}
        -:   25:
    #####:   26:		imprimirPausadamente(mensagem, 60);
    #####:   27:	}
------------------
_ZN17auxiliaresConsole32imprimirCentralizadoPausadamenteENSt7__cxx1112basic_stringIcSt11char_traitsIcESaIcEEE:
    #####:   15:	void imprimirCentralizadoPausadamente(string s) {
    #####:   16:		limpaConsole();
        -:   17:
    #####:   18:		const char* mensagem = s.c_str();
        -:   19:
    #####:   20:		int l = strlen(mensagem);
    #####:   21:		int pos = (int)((4950 - l) / 2);
    #####:   22:		for (int i = 0; i < pos; i++) {
    #####:   23:			cout << " ";
        -:   24:		}
        -:   25:
    #####:   26:		imprimirPausadamente(mensagem, 60);
    #####:   27:	}
------------------
_ZN17auxiliaresConsole32imprimirCentralizadoPausadamenteENSt7__cxx1112basic_stringIcSt11char_traitsIcESaIcEEE:
    #####:   15:	void imprimirCentralizadoPausadamente(string s) {
    #####:   16:		limpaConsole();
        -:   17:
    #####:   18:		const char* mensagem = s.c_str();
        -:   19:
    #####:   20:		int l = strlen(mensagem);
    #####:   21:		int pos = (int)((4950 - l) / 2);
    #####:   22:		for (int i = 0; i < pos; i++) {
    #####:   23:			cout << " ";
        -:   24:		}
        -:   25:
    #####:   26:		imprimirPausadamente(mensagem, 60);
    #####:   27:	}
------------------
_ZN17auxiliaresConsole32imprimirCentralizadoPausadamenteENSt7__cxx1112basic_stringIcSt11char_traitsIcESaIcEEE:
    #####:   15:	void imprimirCentralizadoPausadamente(string s) {
    #####:   16:		limpaConsole();
        -:   17:
    #####:   18:		const char* mensagem = s.c_str();
        -:   19:
    #####:   20:		int l = strlen(mensagem);
    #####:   21:		int pos = (int)((4950 - l) / 2);
    #####:   22:		for (int i = 0; i < pos; i++) {
    #####:   23:			cout << " ";
        -:   24:		}
        -:   25:
    #####:   26:		imprimirPausadamente(mensagem, 60);
    #####:   27:	}
------------------
_ZN17auxiliaresConsole32imprimirCentralizadoPausadamenteENSt7__cxx1112basic_stringIcSt11char_traitsIcESaIcEEE:
    #####:   15:	void imprimirCentralizadoPausadamente(string s) {
    #####:   16:		limpaConsole();
        -:   17:
    #####:   18:		const char* mensagem = s.c_str();
        -:   19:
    #####:   20:		int l = strlen(mensagem);
    #####:   21:		int pos = (int)((4950 - l) / 2);
    #####:   22:		for (int i = 0; i < pos; i++) {
    #####:   23:			cout << " ";
        -:   24:		}
        -:   25:
    #####:   26:		imprimirPausadamente(mensagem, 60);
    #####:   27:	}
------------------
        -:   28:
    #####:   29:	void imprimirCentralizado(string s) {
    #####:   30:		limpaConsole();
        -:   31:
    #####:   32:		const char* mensagem = s.c_str();
        -:   33:
    #####:   34:		int l = strlen(mensagem);
    #####:   35:		int pos = (int)((3000 - l) / 2);
    #####:   36:		for (int i = 0; i < pos; i++)
    #####:   37:			cout << " ";
        -:   38:
    #####:   39:		cout << mensagem;
    #####:   40:	}
------------------
_ZN17auxiliaresConsole20imprimirCentralizadoENSt7__cxx1112basic_stringIcSt11char_traitsIcESaIcEEE:
    #####:   29:	void imprimirCentralizado(string s) {
    #####:   30:		limpaConsole();
        -:   31:
    #####:   32:		const char* mensagem = s.c_str();
        -:   33:
    #####:   34:		int l = strlen(mensagem);
    #####:   35:		int pos = (int)((3000 - l) / 2);
    #####:   36:		for (int i = 0; i < pos; i++)
    #####:   37:			cout << " ";
        -:   38:
    #####:   39:		cout << mensagem;
    #####:   40:	}
------------------
_ZN17auxiliaresConsole20imprimirCentralizadoENSt7__cxx1112basic_stringIcSt11char_traitsIcESaIcEEE:
    #####:   29:	void imprimirCentralizado(string s) {
    #####:   30:		limpaConsole();
        -:   31:
    #####:   32:		const char* mensagem = s.c_str();
        -:   33:
    #####:   34:		int l = strlen(mensagem);
    #####:   35:		int pos = (int)((3000 - l) / 2);
    #####:   36:		for (int i = 0; i < pos; i++)
    #####:   37:			cout << " ";
        -:   38:
    #####:   39:		cout << mensagem;
    #####:   40:	}
------------------
_ZN17auxiliaresConsole20imprimirCentralizadoENSt7__cxx1112basic_stringIcSt11char_traitsIcESaIcEEE:
    #####:   29:	void imprimirCentralizado(string s) {
    #####:   30:		limpaConsole();
        -:   31:
    #####:   32:		const char* mensagem = s.c_str();
        -:   33:
    #####:   34:		int l = strlen(mensagem);
    #####:   35:		int pos = (int)((3000 - l) / 2);
    #####:   36:		for (int i = 0; i < pos; i++)
    #####:   37:			cout << " ";
        -:   38:
    #####:   39:		cout << mensagem;
    #####:   40:	}
------------------
_ZN17auxiliaresConsole20imprimirCentralizadoENSt7__cxx1112basic_stringIcSt11char_traitsIcESaIcEEE:
    #####:   29:	void imprimirCentralizado(string s) {
    #####:   30:		limpaConsole();
        -:   31:
    #####:   32:		const char* mensagem = s.c_str();
        -:   33:
    #####:   34:		int l = strlen(mensagem);
    #####:   35:		int pos = (int)((3000 - l) / 2);
    #####:   36:		for (int i = 0; i < pos; i++)
    #####:   37:			cout << " ";
        -:   38:
    #####:   39:		cout << mensagem;
    #####:   40:	}
------------------
_ZN17auxiliaresConsole20imprimirCentralizadoENSt7__cxx1112basic_stringIcSt11char_traitsIcESaIcEEE:
    #####:   29:	void imprimirCentralizado(string s) {
    #####:   30:		limpaConsole();
        -:   31:
    #####:   32:		const char* mensagem = s.c_str();
        -:   33:
    #####:   34:		int l = strlen(mensagem);
    #####:   35:		int pos = (int)((3000 - l) / 2);
    #####:   36:		for (int i = 0; i < pos; i++)
    #####:   37:			cout << " ";
        -:   38:
    #####:   39:		cout << mensagem;
    #####:   40:	}
------------------
_ZN17auxiliaresConsole20imprimirCentralizadoENSt7__cxx1112basic_stringIcSt11char_traitsIcESaIcEEE:
    #####:   29:	void imprimirCentralizado(string s) {
    #####:   30:		limpaConsole();
        -:   31:
    #####:   32:		const char* mensagem = s.c_str();
        -:   33:
    #####:   34:		int l = strlen(mensagem);
    #####:   35:		int pos = (int)((3000 - l) / 2);
    #####:   36:		for (int i = 0; i < pos; i++)
    #####:   37:			cout << " ";
        -:   38:
    #####:   39:		cout << mensagem;
    #####:   40:	}
------------------
_ZN17auxiliaresConsole20imprimirCentralizadoENSt7__cxx1112basic_stringIcSt11char_traitsIcESaIcEEE:
    #####:   29:	void imprimirCentralizado(string s) {
    #####:   30:		limpaConsole();
        -:   31:
    #####:   32:		const char* mensagem = s.c_str();
        -:   33:
    #####:   34:		int l = strlen(mensagem);
    #####:   35:		int pos = (int)((3000 - l) / 2);
    #####:   36:		for (int i = 0; i < pos; i++)
    #####:   37:			cout << " ";
        -:   38:
    #####:   39:		cout << mensagem;
    #####:   40:	}
------------------
_ZN17auxiliaresConsole20imprimirCentralizadoENSt7__cxx1112basic_stringIcSt11char_traitsIcESaIcEEE:
    #####:   29:	void imprimirCentralizado(string s) {
    #####:   30:		limpaConsole();
        -:   31:
    #####:   32:		const char* mensagem = s.c_str();
        -:   33:
    #####:   34:		int l = strlen(mensagem);
    #####:   35:		int pos = (int)((3000 - l) / 2);
    #####:   36:		for (int i = 0; i < pos; i++)
    #####:   37:			cout << " ";
        -:   38:
    #####:   39:		cout << mensagem;
    #####:   40:	}
------------------
_ZN17auxiliaresConsole20imprimirCentralizadoENSt7__cxx1112basic_stringIcSt11char_traitsIcESaIcEEE:
    #####:   29:	void imprimirCentralizado(string s) {
    #####:   30:		limpaConsole();
        -:   31:
    #####:   32:		const char* mensagem = s.c_str();
        -:   33:
    #####:   34:		int l = strlen(mensagem);
    #####:   35:		int pos = (int)((3000 - l) / 2);
    #####:   36:		for (int i = 0; i < pos; i++)
    #####:   37:			cout << " ";
        -:   38:
    #####:   39:		cout << mensagem;
    #####:   40:	}
------------------
_ZN17auxiliaresConsole20imprimirCentralizadoENSt7__cxx1112basic_stringIcSt11char_traitsIcESaIcEEE:
    #####:   29:	void imprimirCentralizado(string s) {
    #####:   30:		limpaConsole();
        -:   31:
    #####:   32:		const char* mensagem = s.c_str();
        -:   33:
    #####:   34:		int l = strlen(mensagem);
    #####:   35:		int pos = (int)((3000 - l) / 2);
    #####:   36:		for (int i = 0; i < pos; i++)
    #####:   37:			cout << " ";
        -:   38:
    #####:   39:		cout << mensagem;
    #####:   40:	}
------------------
_ZN17auxiliaresConsole20imprimirCentralizadoENSt7__cxx1112basic_stringIcSt11char_traitsIcESaIcEEE:
    #####:   29:	void imprimirCentralizado(string s) {
    #####:   30:		limpaConsole();
        -:   31:
    #####:   32:		const char* mensagem = s.c_str();
        -:   33:
    #####:   34:		int l = strlen(mensagem);
    #####:   35:		int pos = (int)((3000 - l) / 2);
    #####:   36:		for (int i = 0; i < pos; i++)
    #####:   37:			cout << " ";
        -:   38:
    #####:   39:		cout << mensagem;
    #####:   40:	}
------------------
_ZN17auxiliaresConsole20imprimirCentralizadoENSt7__cxx1112basic_stringIcSt11char_traitsIcESaIcEEE:
    #####:   29:	void imprimirCentralizado(string s) {
    #####:   30:		limpaConsole();
        -:   31:
    #####:   32:		const char* mensagem = s.c_str();
        -:   33:
    #####:   34:		int l = strlen(mensagem);
    #####:   35:		int pos = (int)((3000 - l) / 2);
    #####:   36:		for (int i = 0; i < pos; i++)
    #####:   37:			cout << " ";
        -:   38:
    #####:   39:		cout << mensagem;
    #####:   40:	}
------------------
_ZN17auxiliaresConsole20imprimirCentralizadoENSt7__cxx1112basic_stringIcSt11char_traitsIcESaIcEEE:
    #####:   29:	void imprimirCentralizado(string s) {
    #####:   30:		limpaConsole();
        -:   31:
    #####:   32:		const char* mensagem = s.c_str();
        -:   33:
    #####:   34:		int l = strlen(mensagem);
    #####:   35:		int pos = (int)((3000 - l) / 2);
    #####:   36:		for (int i = 0; i < pos; i++)
    #####:   37:			cout << " ";
        -:   38:
    #####:   39:		cout << mensagem;
    #####:   40:	}
------------------
_ZN17auxiliaresConsole20imprimirCentralizadoENSt7__cxx1112basic_stringIcSt11char_traitsIcESaIcEEE:
    #####:   29:	void imprimirCentralizado(string s) {
    #####:   30:		limpaConsole();
        -:   31:
    #####:   32:		const char* mensagem = s.c_str();
        -:   33:
    #####:   34:		int l = strlen(mensagem);
    #####:   35:		int pos = (int)((3000 - l) / 2);
    #####:   36:		for (int i = 0; i < pos; i++)
    #####:   37:			cout << " ";
        -:   38:
    #####:   39:		cout << mensagem;
    #####:   40:	}
------------------
_ZN17auxiliaresConsole20imprimirCentralizadoENSt7__cxx1112basic_stringIcSt11char_traitsIcESaIcEEE:
    #####:   29:	void imprimirCentralizado(string s) {
    #####:   30:		limpaConsole();
        -:   31:
    #####:   32:		const char* mensagem = s.c_str();
        -:   33:
    #####:   34:		int l = strlen(mensagem);
    #####:   35:		int pos = (int)((3000 - l) / 2);
    #####:   36:		for (int i = 0; i < pos; i++)
    #####:   37:			cout << " ";
        -:   38:
    #####:   39:		cout << mensagem;
    #####:   40:	}
------------------
_ZN17auxiliaresConsole20imprimirCentralizadoENSt7__cxx1112basic_stringIcSt11char_traitsIcESaIcEEE:
    #####:   29:	void imprimirCentralizado(string s) {
    #####:   30:		limpaConsole();
        -:   31:
    #####:   32:		const char* mensagem = s.c_str();
        -:   33:
    #####:   34:		int l = strlen(mensagem);
    #####:   35:		int pos = (int)((3000 - l) / 2);
    #####:   36:		for (int i = 0; i < pos; i++)
    #####:   37:			cout << " ";
        -:   38:
    #####:   39:		cout << mensagem;
    #####:   40:	}
------------------
_ZN17auxiliaresConsole20imprimirCentralizadoENSt7__cxx1112basic_stringIcSt11char_traitsIcESaIcEEE:
    #####:   29:	void imprimirCentralizado(string s) {
    #####:   30:		limpaConsole();
        -:   31:
    #####:   32:		const char* mensagem = s.c_str();
        -:   33:
    #####:   34:		int l = strlen(mensagem);
    #####:   35:		int pos = (int)((3000 - l) / 2);
    #####:   36:		for (int i = 0; i < pos; i++)
    #####:   37:			cout << " ";
        -:   38:
    #####:   39:		cout << mensagem;
    #####:   40:	}
------------------
_ZN17auxiliaresConsole20imprimirCentralizadoENSt7__cxx1112basic_stringIcSt11char_traitsIcESaIcEEE:
    #####:   29:	void imprimirCentralizado(string s) {
    #####:   30:		limpaConsole();
        -:   31:
    #####:   32:		const char* mensagem = s.c_str();
        -:   33:
    #####:   34:		int l = strlen(mensagem);
    #####:   35:		int pos = (int)((3000 - l) / 2);
    #####:   36:		for (int i = 0; i < pos; i++)
    #####:   37:			cout << " ";
        -:   38:
    #####:   39:		cout << mensagem;
    #####:   40:	}
------------------
_ZN17auxiliaresConsole20imprimirCentralizadoENSt7__cxx1112basic_stringIcSt11char_traitsIcESaIcEEE:
    #####:   29:	void imprimirCentralizado(string s) {
    #####:   30:		limpaConsole();
        -:   31:
    #####:   32:		const char* mensagem = s.c_str();
        -:   33:
    #####:   34:		int l = strlen(mensagem);
    #####:   35:		int pos = (int)((3000 - l) / 2);
    #####:   36:		for (int i = 0; i < pos; i++)
    #####:   37:			cout << " ";
        -:   38:
    #####:   39:		cout << mensagem;
    #####:   40:	}
------------------
_ZN17auxiliaresConsole20imprimirCentralizadoENSt7__cxx1112basic_stringIcSt11char_traitsIcESaIcEEE:
    #####:   29:	void imprimirCentralizado(string s) {
    #####:   30:		limpaConsole();
        -:   31:
    #####:   32:		const char* mensagem = s.c_str();
        -:   33:
    #####:   34:		int l = strlen(mensagem);
    #####:   35:		int pos = (int)((3000 - l) / 2);
    #####:   36:		for (int i = 0; i < pos; i++)
    #####:   37:			cout << " ";
        -:   38:
    #####:   39:		cout << mensagem;
    #####:   40:	}
------------------
_ZN17auxiliaresConsole20imprimirCentralizadoENSt7__cxx1112basic_stringIcSt11char_traitsIcESaIcEEE:
    #####:   29:	void imprimirCentralizado(string s) {
    #####:   30:		limpaConsole();
        -:   31:
    #####:   32:		const char* mensagem = s.c_str();
        -:   33:
    #####:   34:		int l = strlen(mensagem);
    #####:   35:		int pos = (int)((3000 - l) / 2);
    #####:   36:		for (int i = 0; i < pos; i++)
    #####:   37:			cout << " ";
        -:   38:
    #####:   39:		cout << mensagem;
    #####:   40:	}
------------------
_ZN17auxiliaresConsole20imprimirCentralizadoENSt7__cxx1112basic_stringIcSt11char_traitsIcESaIcEEE:
    #####:   29:	void imprimirCentralizado(string s) {
    #####:   30:		limpaConsole();
        -:   31:
    #####:   32:		const char* mensagem = s.c_str();
        -:   33:
    #####:   34:		int l = strlen(mensagem);
    #####:   35:		int pos = (int)((3000 - l) / 2);
    #####:   36:		for (int i = 0; i < pos; i++)
    #####:   37:			cout << " ";
        -:   38:
    #####:   39:		cout << mensagem;
    #####:   40:	}
------------------
_ZN17auxiliaresConsole20imprimirCentralizadoENSt7__cxx1112basic_stringIcSt11char_traitsIcESaIcEEE:
    #####:   29:	void imprimirCentralizado(string s) {
    #####:   30:		limpaConsole();
        -:   31:
    #####:   32:		const char* mensagem = s.c_str();
        -:   33:
    #####:   34:		int l = strlen(mensagem);
    #####:   35:		int pos = (int)((3000 - l) / 2);
    #####:   36:		for (int i = 0; i < pos; i++)
    #####:   37:			cout << " ";
        -:   38:
    #####:   39:		cout << mensagem;
    #####:   40:	}
------------------
        -:   41:
    #####:   42:	void imprimirCarregamentoComIcone(string mensagem, double segundos) {
    #####:   43:		imprimirCentralizadoPausadamente(mensagem);
    #####:   44:		cout << '-' << flush;
    #####:   45:		while (segundos >= 0) {
    #####:   46:			this_thread::sleep_for(chrono::milliseconds(100));
    #####:   47:			cout << "\b\\" << flush;
    #####:   48:			this_thread::sleep_for(chrono::milliseconds(100));
    #####:   49:			cout << "\b|" << flush;
    #####:   50:			this_thread::sleep_for(chrono::milliseconds(100));
    #####:   51:			cout << "\b/" << flush;
    #####:   52:			this_thread::sleep_for(chrono::milliseconds(100));
    #####:   53:			cout << "\b-" << flush;
    #####:   54:			segundos -= 0.4;
        -:   55:		}
    #####:   56:	}
------------------
_ZN17auxiliaresConsole28imprimirCarregamentoComIconeENSt7__cxx1112basic_stringIcSt11char_traitsIcESaIcEEEd:
    #####:   42:	void imprimirCarregamentoComIcone(string mensagem, double segundos) {
    #####:   43:		imprimirCentralizadoPausadamente(mensagem);
    #####:   44:		cout << '-' << flush;
    #####:   45:		while (segundos >= 0) {
    #####:   46:			this_thread::sleep_for(chrono::milliseconds(100));
    #####:   47:			cout << "\b\\" << flush;
    #####:   48:			this_thread::sleep_for(chrono::milliseconds(100));
    #####:   49:			cout << "\b|" << flush;
    #####:   50:			this_thread::sleep_for(chrono::milliseconds(100));
    #####:   51:			cout << "\b/" << flush;
    #####:   52:			this_thread::sleep_for(chrono::milliseconds(100));
    #####:   53:			cout << "\b-" << flush;
    #####:   54:			segundos -= 0.4;
        -:   55:		}
    #####:   56:	}
------------------
_ZN17auxiliaresConsole28imprimirCarregamentoComIconeENSt7__cxx1112basic_stringIcSt11char_traitsIcESaIcEEEd:
    #####:   42:	void imprimirCarregamentoComIcone(string mensagem, double segundos) {
    #####:   43:		imprimirCentralizadoPausadamente(mensagem);
    #####:   44:		cout << '-' << flush;
    #####:   45:		while (segundos >= 0) {
    #####:   46:			this_thread::sleep_for(chrono::milliseconds(100));
    #####:   47:			cout << "\b\\" << flush;
    #####:   48:			this_thread::sleep_for(chrono::milliseconds(100));
    #####:   49:			cout << "\b|" << flush;
    #####:   50:			this_thread::sleep_for(chrono::milliseconds(100));
    #####:   51:			cout << "\b/" << flush;
    #####:   52:			this_thread::sleep_for(chrono::milliseconds(100));
    #####:   53:			cout << "\b-" << flush;
    #####:   54:			segundos -= 0.4;
        -:   55:		}
    #####:   56:	}
------------------
_ZN17auxiliaresConsole28imprimirCarregamentoComIconeENSt7__cxx1112basic_stringIcSt11char_traitsIcESaIcEEEd:
    #####:   42:	void imprimirCarregamentoComIcone(string mensagem, double segundos) {
    #####:   43:		imprimirCentralizadoPausadamente(mensagem);
    #####:   44:		cout << '-' << flush;
    #####:   45:		while (segundos >= 0) {
    #####:   46:			this_thread::sleep_for(chrono::milliseconds(100));
    #####:   47:			cout << "\b\\" << flush;
    #####:   48:			this_thread::sleep_for(chrono::milliseconds(100));
    #####:   49:			cout << "\b|" << flush;
    #####:   50:			this_thread::sleep_for(chrono::milliseconds(100));
    #####:   51:			cout << "\b/" << flush;
    #####:   52:			this_thread::sleep_for(chrono::milliseconds(100));
    #####:   53:			cout << "\b-" << flush;
    #####:   54:			segundos -= 0.4;
        -:   55:		}
    #####:   56:	}
------------------
_ZN17auxiliaresConsole28imprimirCarregamentoComIconeENSt7__cxx1112basic_stringIcSt11char_traitsIcESaIcEEEd:
    #####:   42:	void imprimirCarregamentoComIcone(string mensagem, double segundos) {
    #####:   43:		imprimirCentralizadoPausadamente(mensagem);
    #####:   44:		cout << '-' << flush;
    #####:   45:		while (segundos >= 0) {
    #####:   46:			this_thread::sleep_for(chrono::milliseconds(100));
    #####:   47:			cout << "\b\\" << flush;
    #####:   48:			this_thread::sleep_for(chrono::milliseconds(100));
    #####:   49:			cout << "\b|" << flush;
    #####:   50:			this_thread::sleep_for(chrono::milliseconds(100));
    #####:   51:			cout << "\b/" << flush;
    #####:   52:			this_thread::sleep_for(chrono::milliseconds(100));
    #####:   53:			cout << "\b-" << flush;
    #####:   54:			segundos -= 0.4;
        -:   55:		}
    #####:   56:	}
------------------
_ZN17auxiliaresConsole28imprimirCarregamentoComIconeENSt7__cxx1112basic_stringIcSt11char_traitsIcESaIcEEEd:
    #####:   42:	void imprimirCarregamentoComIcone(string mensagem, double segundos) {
    #####:   43:		imprimirCentralizadoPausadamente(mensagem);
    #####:   44:		cout << '-' << flush;
    #####:   45:		while (segundos >= 0) {
    #####:   46:			this_thread::sleep_for(chrono::milliseconds(100));
    #####:   47:			cout << "\b\\" << flush;
    #####:   48:			this_thread::sleep_for(chrono::milliseconds(100));
    #####:   49:			cout << "\b|" << flush;
    #####:   50:			this_thread::sleep_for(chrono::milliseconds(100));
    #####:   51:			cout << "\b/" << flush;
    #####:   52:			this_thread::sleep_for(chrono::milliseconds(100));
    #####:   53:			cout << "\b-" << flush;
    #####:   54:			segundos -= 0.4;
        -:   55:		}
    #####:   56:	}
------------------
_ZN17auxiliaresConsole28imprimirCarregamentoComIconeENSt7__cxx1112basic_stringIcSt11char_traitsIcESaIcEEEd:
    #####:   42:	void imprimirCarregamentoComIcone(string mensagem, double segundos) {
    #####:   43:		imprimirCentralizadoPausadamente(mensagem);
    #####:   44:		cout << '-' << flush;
    #####:   45:		while (segundos >= 0) {
    #####:   46:			this_thread::sleep_for(chrono::milliseconds(100));
    #####:   47:			cout << "\b\\" << flush;
    #####:   48:			this_thread::sleep_for(chrono::milliseconds(100));
    #####:   49:			cout << "\b|" << flush;
    #####:   50:			this_thread::sleep_for(chrono::milliseconds(100));
    #####:   51:			cout << "\b/" << flush;
    #####:   52:			this_thread::sleep_for(chrono::milliseconds(100));
    #####:   53:			cout << "\b-" << flush;
    #####:   54:			segundos -= 0.4;
        -:   55:		}
    #####:   56:	}
------------------
_ZN17auxiliaresConsole28imprimirCarregamentoComIconeENSt7__cxx1112basic_stringIcSt11char_traitsIcESaIcEEEd:
    #####:   42:	void imprimirCarregamentoComIcone(string mensagem, double segundos) {
    #####:   43:		imprimirCentralizadoPausadamente(mensagem);
    #####:   44:		cout << '-' << flush;
    #####:   45:		while (segundos >= 0) {
    #####:   46:			this_thread::sleep_for(chrono::milliseconds(100));
    #####:   47:			cout << "\b\\" << flush;
    #####:   48:			this_thread::sleep_for(chrono::milliseconds(100));
    #####:   49:			cout << "\b|" << flush;
    #####:   50:			this_thread::sleep_for(chrono::milliseconds(100));
    #####:   51:			cout << "\b/" << flush;
    #####:   52:			this_thread::sleep_for(chrono::milliseconds(100));
    #####:   53:			cout << "\b-" << flush;
    #####:   54:			segundos -= 0.4;
        -:   55:		}
    #####:   56:	}
------------------
_ZN17auxiliaresConsole28imprimirCarregamentoComIconeENSt7__cxx1112basic_stringIcSt11char_traitsIcESaIcEEEd:
    #####:   42:	void imprimirCarregamentoComIcone(string mensagem, double segundos) {
    #####:   43:		imprimirCentralizadoPausadamente(mensagem);
    #####:   44:		cout << '-' << flush;
    #####:   45:		while (segundos >= 0) {
    #####:   46:			this_thread::sleep_for(chrono::milliseconds(100));
    #####:   47:			cout << "\b\\" << flush;
    #####:   48:			this_thread::sleep_for(chrono::milliseconds(100));
    #####:   49:			cout << "\b|" << flush;
    #####:   50:			this_thread::sleep_for(chrono::milliseconds(100));
    #####:   51:			cout << "\b/" << flush;
    #####:   52:			this_thread::sleep_for(chrono::milliseconds(100));
    #####:   53:			cout << "\b-" << flush;
    #####:   54:			segundos -= 0.4;
        -:   55:		}
    #####:   56:	}
------------------
_ZN17auxiliaresConsole28imprimirCarregamentoComIconeENSt7__cxx1112basic_stringIcSt11char_traitsIcESaIcEEEd:
    #####:   42:	void imprimirCarregamentoComIcone(string mensagem, double segundos) {
    #####:   43:		imprimirCentralizadoPausadamente(mensagem);
    #####:   44:		cout << '-' << flush;
    #####:   45:		while (segundos >= 0) {
    #####:   46:			this_thread::sleep_for(chrono::milliseconds(100));
    #####:   47:			cout << "\b\\" << flush;
    #####:   48:			this_thread::sleep_for(chrono::milliseconds(100));
    #####:   49:			cout << "\b|" << flush;
    #####:   50:			this_thread::sleep_for(chrono::milliseconds(100));
    #####:   51:			cout << "\b/" << flush;
    #####:   52:			this_thread::sleep_for(chrono::milliseconds(100));
    #####:   53:			cout << "\b-" << flush;
    #####:   54:			segundos -= 0.4;
        -:   55:		}
    #####:   56:	}
------------------
_ZN17auxiliaresConsole28imprimirCarregamentoComIconeENSt7__cxx1112basic_stringIcSt11char_traitsIcESaIcEEEd:
    #####:   42:	void imprimirCarregamentoComIcone(string mensagem, double segundos) {
    #####:   43:		imprimirCentralizadoPausadamente(mensagem);
    #####:   44:		cout << '-' << flush;
    #####:   45:		while (segundos >= 0) {
    #####:   46:			this_thread::sleep_for(chrono::milliseconds(100));
    #####:   47:			cout << "\b\\" << flush;
    #####:   48:			this_thread::sleep_for(chrono::milliseconds(100));
    #####:   49:			cout << "\b|" << flush;
    #####:   50:			this_thread::sleep_for(chrono::milliseconds(100));
    #####:   51:			cout << "\b/" << flush;
    #####:   52:			this_thread::sleep_for(chrono::milliseconds(100));
    #####:   53:			cout << "\b-" << flush;
    #####:   54:			segundos -= 0.4;
        -:   55:		}
    #####:   56:	}
------------------
_ZN17auxiliaresConsole28imprimirCarregamentoComIconeENSt7__cxx1112basic_stringIcSt11char_traitsIcESaIcEEEd:
    #####:   42:	void imprimirCarregamentoComIcone(string mensagem, double segundos) {
    #####:   43:		imprimirCentralizadoPausadamente(mensagem);
    #####:   44:		cout << '-' << flush;
    #####:   45:		while (segundos >= 0) {
    #####:   46:			this_thread::sleep_for(chrono::milliseconds(100));
    #####:   47:			cout << "\b\\" << flush;
    #####:   48:			this_thread::sleep_for(chrono::milliseconds(100));
    #####:   49:			cout << "\b|" << flush;
    #####:   50:			this_thread::sleep_for(chrono::milliseconds(100));
    #####:   51:			cout << "\b/" << flush;
    #####:   52:			this_thread::sleep_for(chrono::milliseconds(100));
    #####:   53:			cout << "\b-" << flush;
    #####:   54:			segundos -= 0.4;
        -:   55:		}
    #####:   56:	}
------------------
_ZN17auxiliaresConsole28imprimirCarregamentoComIconeENSt7__cxx1112basic_stringIcSt11char_traitsIcESaIcEEEd:
    #####:   42:	void imprimirCarregamentoComIcone(string mensagem, double segundos) {
    #####:   43:		imprimirCentralizadoPausadamente(mensagem);
    #####:   44:		cout << '-' << flush;
    #####:   45:		while (segundos >= 0) {
    #####:   46:			this_thread::sleep_for(chrono::milliseconds(100));
    #####:   47:			cout << "\b\\" << flush;
    #####:   48:			this_thread::sleep_for(chrono::milliseconds(100));
    #####:   49:			cout << "\b|" << flush;
    #####:   50:			this_thread::sleep_for(chrono::milliseconds(100));
    #####:   51:			cout << "\b/" << flush;
    #####:   52:			this_thread::sleep_for(chrono::milliseconds(100));
    #####:   53:			cout << "\b-" << flush;
    #####:   54:			segundos -= 0.4;
        -:   55:		}
    #####:   56:	}
------------------
_ZN17auxiliaresConsole28imprimirCarregamentoComIconeENSt7__cxx1112basic_stringIcSt11char_traitsIcESaIcEEEd:
    #####:   42:	void imprimirCarregamentoComIcone(string mensagem, double segundos) {
    #####:   43:		imprimirCentralizadoPausadamente(mensagem);
    #####:   44:		cout << '-' << flush;
    #####:   45:		while (segundos >= 0) {
    #####:   46:			this_thread::sleep_for(chrono::milliseconds(100));
    #####:   47:			cout << "\b\\" << flush;
    #####:   48:			this_thread::sleep_for(chrono::milliseconds(100));
    #####:   49:			cout << "\b|" << flush;
    #####:   50:			this_thread::sleep_for(chrono::milliseconds(100));
    #####:   51:			cout << "\b/" << flush;
    #####:   52:			this_thread::sleep_for(chrono::milliseconds(100));
    #####:   53:			cout << "\b-" << flush;
    #####:   54:			segundos -= 0.4;
        -:   55:		}
    #####:   56:	}
------------------
_ZN17auxiliaresConsole28imprimirCarregamentoComIconeENSt7__cxx1112basic_stringIcSt11char_traitsIcESaIcEEEd:
    #####:   42:	void imprimirCarregamentoComIcone(string mensagem, double segundos) {
    #####:   43:		imprimirCentralizadoPausadamente(mensagem);
    #####:   44:		cout << '-' << flush;
    #####:   45:		while (segundos >= 0) {
    #####:   46:			this_thread::sleep_for(chrono::milliseconds(100));
    #####:   47:			cout << "\b\\" << flush;
    #####:   48:			this_thread::sleep_for(chrono::milliseconds(100));
    #####:   49:			cout << "\b|" << flush;
    #####:   50:			this_thread::sleep_for(chrono::milliseconds(100));
    #####:   51:			cout << "\b/" << flush;
    #####:   52:			this_thread::sleep_for(chrono::milliseconds(100));
    #####:   53:			cout << "\b-" << flush;
    #####:   54:			segundos -= 0.4;
        -:   55:		}
    #####:   56:	}
------------------
_ZN17auxiliaresConsole28imprimirCarregamentoComIconeENSt7__cxx1112basic_stringIcSt11char_traitsIcESaIcEEEd:
    #####:   42:	void imprimirCarregamentoComIcone(string mensagem, double segundos) {
    #####:   43:		imprimirCentralizadoPausadamente(mensagem);
    #####:   44:		cout << '-' << flush;
    #####:   45:		while (segundos >= 0) {
    #####:   46:			this_thread::sleep_for(chrono::milliseconds(100));
    #####:   47:			cout << "\b\\" << flush;
    #####:   48:			this_thread::sleep_for(chrono::milliseconds(100));
    #####:   49:			cout << "\b|" << flush;
    #####:   50:			this_thread::sleep_for(chrono::milliseconds(100));
    #####:   51:			cout << "\b/" << flush;
    #####:   52:			this_thread::sleep_for(chrono::milliseconds(100));
    #####:   53:			cout << "\b-" << flush;
    #####:   54:			segundos -= 0.4;
        -:   55:		}
    #####:   56:	}
------------------
_ZN17auxiliaresConsole28imprimirCarregamentoComIconeENSt7__cxx1112basic_stringIcSt11char_traitsIcESaIcEEEd:
    #####:   42:	void imprimirCarregamentoComIcone(string mensagem, double segundos) {
    #####:   43:		imprimirCentralizadoPausadamente(mensagem);
    #####:   44:		cout << '-' << flush;
    #####:   45:		while (segundos >= 0) {
    #####:   46:			this_thread::sleep_for(chrono::milliseconds(100));
    #####:   47:			cout << "\b\\" << flush;
    #####:   48:			this_thread::sleep_for(chrono::milliseconds(100));
    #####:   49:			cout << "\b|" << flush;
    #####:   50:			this_thread::sleep_for(chrono::milliseconds(100));
    #####:   51:			cout << "\b/" << flush;
    #####:   52:			this_thread::sleep_for(chrono::milliseconds(100));
    #####:   53:			cout << "\b-" << flush;
    #####:   54:			segundos -= 0.4;
        -:   55:		}
    #####:   56:	}
------------------
_ZN17auxiliaresConsole28imprimirCarregamentoComIconeENSt7__cxx1112basic_stringIcSt11char_traitsIcESaIcEEEd:
    #####:   42:	void imprimirCarregamentoComIcone(string mensagem, double segundos) {
    #####:   43:		imprimirCentralizadoPausadamente(mensagem);
    #####:   44:		cout << '-' << flush;
    #####:   45:		while (segundos >= 0) {
    #####:   46:			this_thread::sleep_for(chrono::milliseconds(100));
    #####:   47:			cout << "\b\\" << flush;
    #####:   48:			this_thread::sleep_for(chrono::milliseconds(100));
    #####:   49:			cout << "\b|" << flush;
    #####:   50:			this_thread::sleep_for(chrono::milliseconds(100));
    #####:   51:			cout << "\b/" << flush;
    #####:   52:			this_thread::sleep_for(chrono::milliseconds(100));
    #####:   53:			cout << "\b-" << flush;
    #####:   54:			segundos -= 0.4;
        -:   55:		}
    #####:   56:	}
------------------
_ZN17auxiliaresConsole28imprimirCarregamentoComIconeENSt7__cxx1112basic_stringIcSt11char_traitsIcESaIcEEEd:
    #####:   42:	void imprimirCarregamentoComIcone(string mensagem, double segundos) {
    #####:   43:		imprimirCentralizadoPausadamente(mensagem);
    #####:   44:		cout << '-' << flush;
    #####:   45:		while (segundos >= 0) {
    #####:   46:			this_thread::sleep_for(chrono::milliseconds(100));
    #####:   47:			cout << "\b\\" << flush;
    #####:   48:			this_thread::sleep_for(chrono::milliseconds(100));
    #####:   49:			cout << "\b|" << flush;
    #####:   50:			this_thread::sleep_for(chrono::milliseconds(100));
    #####:   51:			cout << "\b/" << flush;
    #####:   52:			this_thread::sleep_for(chrono::milliseconds(100));
    #####:   53:			cout << "\b-" << flush;
    #####:   54:			segundos -= 0.4;
        -:   55:		}
    #####:   56:	}
------------------
_ZN17auxiliaresConsole28imprimirCarregamentoComIconeENSt7__cxx1112basic_stringIcSt11char_traitsIcESaIcEEEd:
    #####:   42:	void imprimirCarregamentoComIcone(string mensagem, double segundos) {
    #####:   43:		imprimirCentralizadoPausadamente(mensagem);
    #####:   44:		cout << '-' << flush;
    #####:   45:		while (segundos >= 0) {
    #####:   46:			this_thread::sleep_for(chrono::milliseconds(100));
    #####:   47:			cout << "\b\\" << flush;
    #####:   48:			this_thread::sleep_for(chrono::milliseconds(100));
    #####:   49:			cout << "\b|" << flush;
    #####:   50:			this_thread::sleep_for(chrono::milliseconds(100));
    #####:   51:			cout << "\b/" << flush;
    #####:   52:			this_thread::sleep_for(chrono::milliseconds(100));
    #####:   53:			cout << "\b-" << flush;
    #####:   54:			segundos -= 0.4;
        -:   55:		}
    #####:   56:	}
------------------
_ZN17auxiliaresConsole28imprimirCarregamentoComIconeENSt7__cxx1112basic_stringIcSt11char_traitsIcESaIcEEEd:
    #####:   42:	void imprimirCarregamentoComIcone(string mensagem, double segundos) {
    #####:   43:		imprimirCentralizadoPausadamente(mensagem);
    #####:   44:		cout << '-' << flush;
    #####:   45:		while (segundos >= 0) {
    #####:   46:			this_thread::sleep_for(chrono::milliseconds(100));
    #####:   47:			cout << "\b\\" << flush;
    #####:   48:			this_thread::sleep_for(chrono::milliseconds(100));
    #####:   49:			cout << "\b|" << flush;
    #####:   50:			this_thread::sleep_for(chrono::milliseconds(100));
    #####:   51:			cout << "\b/" << flush;
    #####:   52:			this_thread::sleep_for(chrono::milliseconds(100));
    #####:   53:			cout << "\b-" << flush;
    #####:   54:			segundos -= 0.4;
        -:   55:		}
    #####:   56:	}
------------------
_ZN17auxiliaresConsole28imprimirCarregamentoComIconeENSt7__cxx1112basic_stringIcSt11char_traitsIcESaIcEEEd:
    #####:   42:	void imprimirCarregamentoComIcone(string mensagem, double segundos) {
    #####:   43:		imprimirCentralizadoPausadamente(mensagem);
    #####:   44:		cout << '-' << flush;
    #####:   45:		while (segundos >= 0) {
    #####:   46:			this_thread::sleep_for(chrono::milliseconds(100));
    #####:   47:			cout << "\b\\" << flush;
    #####:   48:			this_thread::sleep_for(chrono::milliseconds(100));
    #####:   49:			cout << "\b|" << flush;
    #####:   50:			this_thread::sleep_for(chrono::milliseconds(100));
    #####:   51:			cout << "\b/" << flush;
    #####:   52:			this_thread::sleep_for(chrono::milliseconds(100));
    #####:   53:			cout << "\b-" << flush;
    #####:   54:			segundos -= 0.4;
        -:   55:		}
    #####:   56:	}
------------------
_ZN17auxiliaresConsole28imprimirCarregamentoComIconeENSt7__cxx1112basic_stringIcSt11char_traitsIcESaIcEEEd:
    #####:   42:	void imprimirCarregamentoComIcone(string mensagem, double segundos) {
    #####:   43:		imprimirCentralizadoPausadamente(mensagem);
    #####:   44:		cout << '-' << flush;
    #####:   45:		while (segundos >= 0) {
    #####:   46:			this_thread::sleep_for(chrono::milliseconds(100));
    #####:   47:			cout << "\b\\" << flush;
    #####:   48:			this_thread::sleep_for(chrono::milliseconds(100));
    #####:   49:			cout << "\b|" << flush;
    #####:   50:			this_thread::sleep_for(chrono::milliseconds(100));
    #####:   51:			cout << "\b/" << flush;
    #####:   52:			this_thread::sleep_for(chrono::milliseconds(100));
    #####:   53:			cout << "\b-" << flush;
    #####:   54:			segundos -= 0.4;
        -:   55:		}
    #####:   56:	}
------------------
_ZN17auxiliaresConsole28imprimirCarregamentoComIconeENSt7__cxx1112basic_stringIcSt11char_traitsIcESaIcEEEd:
    #####:   42:	void imprimirCarregamentoComIcone(string mensagem, double segundos) {
    #####:   43:		imprimirCentralizadoPausadamente(mensagem);
    #####:   44:		cout << '-' << flush;
    #####:   45:		while (segundos >= 0) {
    #####:   46:			this_thread::sleep_for(chrono::milliseconds(100));
    #####:   47:			cout << "\b\\" << flush;
    #####:   48:			this_thread::sleep_for(chrono::milliseconds(100));
    #####:   49:			cout << "\b|" << flush;
    #####:   50:			this_thread::sleep_for(chrono::milliseconds(100));
    #####:   51:			cout << "\b/" << flush;
    #####:   52:			this_thread::sleep_for(chrono::milliseconds(100));
    #####:   53:			cout << "\b-" << flush;
    #####:   54:			segundos -= 0.4;
        -:   55:		}
    #####:   56:	}
------------------
        -:   57:
    #####:   58:	void imprimirCarregamentoVertical(int velocidade) {
    #####:   59:		cout << ".";
    #####:   60:		this_thread::sleep_for(chrono::milliseconds(velocidade));
    #####:   61:		cout << "\n.";
    #####:   62:		this_thread::sleep_for(chrono::milliseconds(velocidade));
    #####:   63:		cout << "\n.";
    #####:   64:		this_thread::sleep_for(chrono::milliseconds(velocidade));
    #####:   65:		cout << "\n\n";
    #####:   66:	}
------------------
_ZN17auxiliaresConsole28imprimirCarregamentoVerticalEi:
    #####:   58:	void imprimirCarregamentoVertical(int velocidade) {
    #####:   59:		cout << ".";
    #####:   60:		this_thread::sleep_for(chrono::milliseconds(velocidade));
    #####:   61:		cout << "\n.";
    #####:   62:		this_thread::sleep_for(chrono::milliseconds(velocidade));
    #####:   63:		cout << "\n.";
    #####:   64:		this_thread::sleep_for(chrono::milliseconds(velocidade));
    #####:   65:		cout << "\n\n";
    #####:   66:	}
------------------
_ZN17auxiliaresConsole28imprimirCarregamentoVerticalEi:
    #####:   58:	void imprimirCarregamentoVertical(int velocidade) {
    #####:   59:		cout << ".";
    #####:   60:		this_thread::sleep_for(chrono::milliseconds(velocidade));
    #####:   61:		cout << "\n.";
    #####:   62:		this_thread::sleep_for(chrono::milliseconds(velocidade));
    #####:   63:		cout << "\n.";
    #####:   64:		this_thread::sleep_for(chrono::milliseconds(velocidade));
    #####:   65:		cout << "\n\n";
    #####:   66:	}
------------------
_ZN17auxiliaresConsole28imprimirCarregamentoVerticalEi:
    #####:   58:	void imprimirCarregamentoVertical(int velocidade) {
    #####:   59:		cout << ".";
    #####:   60:		this_thread::sleep_for(chrono::milliseconds(velocidade));
    #####:   61:		cout << "\n.";
    #####:   62:		this_thread::sleep_for(chrono::milliseconds(velocidade));
    #####:   63:		cout << "\n.";
    #####:   64:		this_thread::sleep_for(chrono::milliseconds(velocidade));
    #####:   65:		cout << "\n\n";
    #####:   66:	}
------------------
_ZN17auxiliaresConsole28imprimirCarregamentoVerticalEi:
    #####:   58:	void imprimirCarregamentoVertical(int velocidade) {
    #####:   59:		cout << ".";
    #####:   60:		this_thread::sleep_for(chrono::milliseconds(velocidade));
    #####:   61:		cout << "\n.";
    #####:   62:		this_thread::sleep_for(chrono::milliseconds(velocidade));
    #####:   63:		cout << "\n.";
    #####:   64:		this_thread::sleep_for(chrono::milliseconds(velocidade));
    #####:   65:		cout << "\n\n";
    #####:   66:	}
------------------
_ZN17auxiliaresConsole28imprimirCarregamentoVerticalEi:
    #####:   58:	void imprimirCarregamentoVertical(int velocidade) {
    #####:   59:		cout << ".";
    #####:   60:		this_thread::sleep_for(chrono::milliseconds(velocidade));
    #####:   61:		cout << "\n.";
    #####:   62:		this_thread::sleep_for(chrono::milliseconds(velocidade));
    #####:   63:		cout << "\n.";
    #####:   64:		this_thread::sleep_for(chrono::milliseconds(velocidade));
    #####:   65:		cout << "\n\n";
    #####:   66:	}
------------------
_ZN17auxiliaresConsole28imprimirCarregamentoVerticalEi:
    #####:   58:	void imprimirCarregamentoVertical(int velocidade) {
    #####:   59:		cout << ".";
    #####:   60:		this_thread::sleep_for(chrono::milliseconds(velocidade));
    #####:   61:		cout << "\n.";
    #####:   62:		this_thread::sleep_for(chrono::milliseconds(velocidade));
    #####:   63:		cout << "\n.";
    #####:   64:		this_thread::sleep_for(chrono::milliseconds(velocidade));
    #####:   65:		cout << "\n\n";
    #####:   66:	}
------------------
_ZN17auxiliaresConsole28imprimirCarregamentoVerticalEi:
    #####:   58:	void imprimirCarregamentoVertical(int velocidade) {
    #####:   59:		cout << ".";
    #####:   60:		this_thread::sleep_for(chrono::milliseconds(velocidade));
    #####:   61:		cout << "\n.";
    #####:   62:		this_thread::sleep_for(chrono::milliseconds(velocidade));
    #####:   63:		cout << "\n.";
    #####:   64:		this_thread::sleep_for(chrono::milliseconds(velocidade));
    #####:   65:		cout << "\n\n";
    #####:   66:	}
------------------
_ZN17auxiliaresConsole28imprimirCarregamentoVerticalEi:
    #####:   58:	void imprimirCarregamentoVertical(int velocidade) {
    #####:   59:		cout << ".";
    #####:   60:		this_thread::sleep_for(chrono::milliseconds(velocidade));
    #####:   61:		cout << "\n.";
    #####:   62:		this_thread::sleep_for(chrono::milliseconds(velocidade));
    #####:   63:		cout << "\n.";
    #####:   64:		this_thread::sleep_for(chrono::milliseconds(velocidade));
    #####:   65:		cout << "\n\n";
    #####:   66:	}
------------------
_ZN17auxiliaresConsole28imprimirCarregamentoVerticalEi:
    #####:   58:	void imprimirCarregamentoVertical(int velocidade) {
    #####:   59:		cout << ".";
    #####:   60:		this_thread::sleep_for(chrono::milliseconds(velocidade));
    #####:   61:		cout << "\n.";
    #####:   62:		this_thread::sleep_for(chrono::milliseconds(velocidade));
    #####:   63:		cout << "\n.";
    #####:   64:		this_thread::sleep_for(chrono::milliseconds(velocidade));
    #####:   65:		cout << "\n\n";
    #####:   66:	}
------------------
_ZN17auxiliaresConsole28imprimirCarregamentoVerticalEi:
    #####:   58:	void imprimirCarregamentoVertical(int velocidade) {
    #####:   59:		cout << ".";
    #####:   60:		this_thread::sleep_for(chrono::milliseconds(velocidade));
    #####:   61:		cout << "\n.";
    #####:   62:		this_thread::sleep_for(chrono::milliseconds(velocidade));
    #####:   63:		cout << "\n.";
    #####:   64:		this_thread::sleep_for(chrono::milliseconds(velocidade));
    #####:   65:		cout << "\n\n";
    #####:   66:	}
------------------
_ZN17auxiliaresConsole28imprimirCarregamentoVerticalEi:
    #####:   58:	void imprimirCarregamentoVertical(int velocidade) {
    #####:   59:		cout << ".";
    #####:   60:		this_thread::sleep_for(chrono::milliseconds(velocidade));
    #####:   61:		cout << "\n.";
    #####:   62:		this_thread::sleep_for(chrono::milliseconds(velocidade));
    #####:   63:		cout << "\n.";
    #####:   64:		this_thread::sleep_for(chrono::milliseconds(velocidade));
    #####:   65:		cout << "\n\n";
    #####:   66:	}
------------------
_ZN17auxiliaresConsole28imprimirCarregamentoVerticalEi:
    #####:   58:	void imprimirCarregamentoVertical(int velocidade) {
    #####:   59:		cout << ".";
    #####:   60:		this_thread::sleep_for(chrono::milliseconds(velocidade));
    #####:   61:		cout << "\n.";
    #####:   62:		this_thread::sleep_for(chrono::milliseconds(velocidade));
    #####:   63:		cout << "\n.";
    #####:   64:		this_thread::sleep_for(chrono::milliseconds(velocidade));
    #####:   65:		cout << "\n\n";
    #####:   66:	}
------------------
_ZN17auxiliaresConsole28imprimirCarregamentoVerticalEi:
    #####:   58:	void imprimirCarregamentoVertical(int velocidade) {
    #####:   59:		cout << ".";
    #####:   60:		this_thread::sleep_for(chrono::milliseconds(velocidade));
    #####:   61:		cout << "\n.";
    #####:   62:		this_thread::sleep_for(chrono::milliseconds(velocidade));
    #####:   63:		cout << "\n.";
    #####:   64:		this_thread::sleep_for(chrono::milliseconds(velocidade));
    #####:   65:		cout << "\n\n";
    #####:   66:	}
------------------
_ZN17auxiliaresConsole28imprimirCarregamentoVerticalEi:
    #####:   58:	void imprimirCarregamentoVertical(int velocidade) {
    #####:   59:		cout << ".";
    #####:   60:		this_thread::sleep_for(chrono::milliseconds(velocidade));
    #####:   61:		cout << "\n.";
    #####:   62:		this_thread::sleep_for(chrono::milliseconds(velocidade));
    #####:   63:		cout << "\n.";
    #####:   64:		this_thread::sleep_for(chrono::milliseconds(velocidade));
    #####:   65:		cout << "\n\n";
    #####:   66:	}
------------------
_ZN17auxiliaresConsole28imprimirCarregamentoVerticalEi:
    #####:   58:	void imprimirCarregamentoVertical(int velocidade) {
    #####:   59:		cout << ".";
    #####:   60:		this_thread::sleep_for(chrono::milliseconds(velocidade));
    #####:   61:		cout << "\n.";
    #####:   62:		this_thread::sleep_for(chrono::milliseconds(velocidade));
    #####:   63:		cout << "\n.";
    #####:   64:		this_thread::sleep_for(chrono::milliseconds(velocidade));
    #####:   65:		cout << "\n\n";
    #####:   66:	}
------------------
_ZN17auxiliaresConsole28imprimirCarregamentoVerticalEi:
    #####:   58:	void imprimirCarregamentoVertical(int velocidade) {
    #####:   59:		cout << ".";
    #####:   60:		this_thread::sleep_for(chrono::milliseconds(velocidade));
    #####:   61:		cout << "\n.";
    #####:   62:		this_thread::sleep_for(chrono::milliseconds(velocidade));
    #####:   63:		cout << "\n.";
    #####:   64:		this_thread::sleep_for(chrono::milliseconds(velocidade));
    #####:   65:		cout << "\n\n";
    #####:   66:	}
------------------
_ZN17auxiliaresConsole28imprimirCarregamentoVerticalEi:
    #####:   58:	void imprimirCarregamentoVertical(int velocidade) {
    #####:   59:		cout << ".";
    #####:   60:		this_thread::sleep_for(chrono::milliseconds(velocidade));
    #####:   61:		cout << "\n.";
    #####:   62:		this_thread::sleep_for(chrono::milliseconds(velocidade));
    #####:   63:		cout << "\n.";
    #####:   64:		this_thread::sleep_for(chrono::milliseconds(velocidade));
    #####:   65:		cout << "\n\n";
    #####:   66:	}
------------------
_ZN17auxiliaresConsole28imprimirCarregamentoVerticalEi:
    #####:   58:	void imprimirCarregamentoVertical(int velocidade) {
    #####:   59:		cout << ".";
    #####:   60:		this_thread::sleep_for(chrono::milliseconds(velocidade));
    #####:   61:		cout << "\n.";
    #####:   62:		this_thread::sleep_for(chrono::milliseconds(velocidade));
    #####:   63:		cout << "\n.";
    #####:   64:		this_thread::sleep_for(chrono::milliseconds(velocidade));
    #####:   65:		cout << "\n\n";
    #####:   66:	}
------------------
_ZN17auxiliaresConsole28imprimirCarregamentoVerticalEi:
    #####:   58:	void imprimirCarregamentoVertical(int velocidade) {
    #####:   59:		cout << ".";
    #####:   60:		this_thread::sleep_for(chrono::milliseconds(velocidade));
    #####:   61:		cout << "\n.";
    #####:   62:		this_thread::sleep_for(chrono::milliseconds(velocidade));
    #####:   63:		cout << "\n.";
    #####:   64:		this_thread::sleep_for(chrono::milliseconds(velocidade));
    #####:   65:		cout << "\n\n";
    #####:   66:	}
------------------
_ZN17auxiliaresConsole28imprimirCarregamentoVerticalEi:
    #####:   58:	void imprimirCarregamentoVertical(int velocidade) {
    #####:   59:		cout << ".";
    #####:   60:		this_thread::sleep_for(chrono::milliseconds(velocidade));
    #####:   61:		cout << "\n.";
    #####:   62:		this_thread::sleep_for(chrono::milliseconds(velocidade));
    #####:   63:		cout << "\n.";
    #####:   64:		this_thread::sleep_for(chrono::milliseconds(velocidade));
    #####:   65:		cout << "\n\n";
    #####:   66:	}
------------------
_ZN17auxiliaresConsole28imprimirCarregamentoVerticalEi:
    #####:   58:	void imprimirCarregamentoVertical(int velocidade) {
    #####:   59:		cout << ".";
    #####:   60:		this_thread::sleep_for(chrono::milliseconds(velocidade));
    #####:   61:		cout << "\n.";
    #####:   62:		this_thread::sleep_for(chrono::milliseconds(velocidade));
    #####:   63:		cout << "\n.";
    #####:   64:		this_thread::sleep_for(chrono::milliseconds(velocidade));
    #####:   65:		cout << "\n\n";
    #####:   66:	}
------------------
_ZN17auxiliaresConsole28imprimirCarregamentoVerticalEi:
    #####:   58:	void imprimirCarregamentoVertical(int velocidade) {
    #####:   59:		cout << ".";
    #####:   60:		this_thread::sleep_for(chrono::milliseconds(velocidade));
    #####:   61:		cout << "\n.";
    #####:   62:		this_thread::sleep_for(chrono::milliseconds(velocidade));
    #####:   63:		cout << "\n.";
    #####:   64:		this_thread::sleep_for(chrono::milliseconds(velocidade));
    #####:   65:		cout << "\n\n";
    #####:   66:	}
------------------
_ZN17auxiliaresConsole28imprimirCarregamentoVerticalEi:
    #####:   58:	void imprimirCarregamentoVertical(int velocidade) {
    #####:   59:		cout << ".";
    #####:   60:		this_thread::sleep_for(chrono::milliseconds(velocidade));
    #####:   61:		cout << "\n.";
    #####:   62:		this_thread::sleep_for(chrono::milliseconds(velocidade));
    #####:   63:		cout << "\n.";
    #####:   64:		this_thread::sleep_for(chrono::milliseconds(velocidade));
    #####:   65:		cout << "\n\n";
    #####:   66:	}
------------------
        -:   67:
    #####:   68:	void aguardarEnter() {
    #####:   69:		cout << '\n' << "Pressione <ENTER> para continuar...";
    #####:   70:		cin.ignore();
        -:   71:
        -:   72:		#ifdef _WIN32
        -:   73:				system("pause >nul");
        -:   74:		#else
    #####:   75:				cin.ignore();
        -:   76:		#endif
    #####:   77:	}
------------------
_ZN17auxiliaresConsole13aguardarEnterEv:
    #####:   68:	void aguardarEnter() {
    #####:   69:		cout << '\n' << "Pressione <ENTER> para continuar...";
    #####:   70:		cin.ignore();
        -:   71:
        -:   72:		#ifdef _WIN32
        -:   73:				system("pause >nul");
        -:   74:		#else
    #####:   75:				cin.ignore();
        -:   76:		#endif
    #####:   77:	}
------------------
_ZN17auxiliaresConsole13aguardarEnterEv:
    #####:   68:	void aguardarEnter() {
    #####:   69:		cout << '\n' << "Pressione <ENTER> para continuar...";
    #####:   70:		cin.ignore();
        -:   71:
        -:   72:		#ifdef _WIN32
        -:   73:				system("pause >nul");
        -:   74:		#else
    #####:   75:				cin.ignore();
        -:   76:		#endif
    #####:   77:	}
------------------
_ZN17auxiliaresConsole13aguardarEnterEv:
    #####:   68:	void aguardarEnter() {
    #####:   69:		cout << '\n' << "Pressione <ENTER> para continuar...";
    #####:   70:		cin.ignore();
        -:   71:
        -:   72:		#ifdef _WIN32
        -:   73:				system("pause >nul");
        -:   74:		#else
    #####:   75:				cin.ignore();
        -:   76:		#endif
    #####:   77:	}
------------------
_ZN17auxiliaresConsole13aguardarEnterEv:
    #####:   68:	void aguardarEnter() {
    #####:   69:		cout << '\n' << "Pressione <ENTER> para continuar...";
    #####:   70:		cin.ignore();
        -:   71:
        -:   72:		#ifdef _WIN32
        -:   73:				system("pause >nul");
        -:   74:		#else
    #####:   75:				cin.ignore();
        -:   76:		#endif
    #####:   77:	}
------------------
_ZN17auxiliaresConsole13aguardarEnterEv:
    #####:   68:	void aguardarEnter() {
    #####:   69:		cout << '\n' << "Pressione <ENTER> para continuar...";
    #####:   70:		cin.ignore();
        -:   71:
        -:   72:		#ifdef _WIN32
        -:   73:				system("pause >nul");
        -:   74:		#else
    #####:   75:				cin.ignore();
        -:   76:		#endif
    #####:   77:	}
------------------
_ZN17auxiliaresConsole13aguardarEnterEv:
    #####:   68:	void aguardarEnter() {
    #####:   69:		cout << '\n' << "Pressione <ENTER> para continuar...";
    #####:   70:		cin.ignore();
        -:   71:
        -:   72:		#ifdef _WIN32
        -:   73:				system("pause >nul");
        -:   74:		#else
    #####:   75:				cin.ignore();
        -:   76:		#endif
    #####:   77:	}
------------------
_ZN17auxiliaresConsole13aguardarEnterEv:
    #####:   68:	void aguardarEnter() {
    #####:   69:		cout << '\n' << "Pressione <ENTER> para continuar...";
    #####:   70:		cin.ignore();
        -:   71:
        -:   72:		#ifdef _WIN32
        -:   73:				system("pause >nul");
        -:   74:		#else
    #####:   75:				cin.ignore();
        -:   76:		#endif
    #####:   77:	}
------------------
_ZN17auxiliaresConsole13aguardarEnterEv:
    #####:   68:	void aguardarEnter() {
    #####:   69:		cout << '\n' << "Pressione <ENTER> para continuar...";
    #####:   70:		cin.ignore();
        -:   71:
        -:   72:		#ifdef _WIN32
        -:   73:				system("pause >nul");
        -:   74:		#else
    #####:   75:				cin.ignore();
        -:   76:		#endif
    #####:   77:	}
------------------
_ZN17auxiliaresConsole13aguardarEnterEv:
    #####:   68:	void aguardarEnter() {
    #####:   69:		cout << '\n' << "Pressione <ENTER> para continuar...";
    #####:   70:		cin.ignore();
        -:   71:
        -:   72:		#ifdef _WIN32
        -:   73:				system("pause >nul");
        -:   74:		#else
    #####:   75:				cin.ignore();
        -:   76:		#endif
    #####:   77:	}
------------------
_ZN17auxiliaresConsole13aguardarEnterEv:
    #####:   68:	void aguardarEnter() {
    #####:   69:		cout << '\n' << "Pressione <ENTER> para continuar...";
    #####:   70:		cin.ignore();
        -:   71:
        -:   72:		#ifdef _WIN32
        -:   73:				system("pause >nul");
        -:   74:		#else
    #####:   75:				cin.ignore();
        -:   76:		#endif
    #####:   77:	}
------------------
_ZN17auxiliaresConsole13aguardarEnterEv:
    #####:   68:	void aguardarEnter() {
    #####:   69:		cout << '\n' << "Pressione <ENTER> para continuar...";
    #####:   70:		cin.ignore();
        -:   71:
        -:   72:		#ifdef _WIN32
        -:   73:				system("pause >nul");
        -:   74:		#else
    #####:   75:				cin.ignore();
        -:   76:		#endif
    #####:   77:	}
------------------
_ZN17auxiliaresConsole13aguardarEnterEv:
    #####:   68:	void aguardarEnter() {
    #####:   69:		cout << '\n' << "Pressione <ENTER> para continuar...";
    #####:   70:		cin.ignore();
        -:   71:
        -:   72:		#ifdef _WIN32
        -:   73:				system("pause >nul");
        -:   74:		#else
    #####:   75:				cin.ignore();
        -:   76:		#endif
    #####:   77:	}
------------------
_ZN17auxiliaresConsole13aguardarEnterEv:
    #####:   68:	void aguardarEnter() {
    #####:   69:		cout << '\n' << "Pressione <ENTER> para continuar...";
    #####:   70:		cin.ignore();
        -:   71:
        -:   72:		#ifdef _WIN32
[...]
    #####:  142:			cout << "\t\t\t\t\t\t|  '--'  ||  `--'  |  /  /----.|  |____ " << endl << flush;
    #####:  143:			cout << "\t\t\t\t\t\t|_______/  \\______/  /________||_______|" << endl << flush;
    #####:  144:			cout << "" << endl << flush;
    #####:  145:			cout << flush;
    #####:  146:			this_thread::sleep_for(chrono::milliseconds(velocidade));
    #####:  147:			limpaConsole();
    #####:  148:			cout << flush;
    #####:  149:			this_thread::sleep_for(chrono::milliseconds(velocidade));
        -:  150:		}
    #####:  151:	}
------------------
_ZN17auxiliaresConsole12imprimirDozeEi:
    #####:  135:	void imprimirDoze(int velocidade) {
    #####:  136:		limpaConsole();
    #####:  137:		for (int i = 0; i < 4; i++) {
    #####:  138:			cout << "\t\t\t\t\t\t _______    ______   ________   _______ " << endl << flush;
    #####:  139:			cout << "\t\t\t\t\t\t|       \\  /  __  \\ |       /  |   ____|" << endl << flush;
    #####:  140:			cout << "\t\t\t\t\t\t|  .--.  ||  |  |  |`---/  /   |  |__   " << endl << flush;
    #####:  141:			cout << "\t\t\t\t\t\t|  |  |  ||  |  |  |   /  /    |   __|  " << endl << flush;
    #####:  142:			cout << "\t\t\t\t\t\t|  '--'  ||  `--'  |  /  /----.|  |____ " << endl << flush;
    #####:  143:			cout << "\t\t\t\t\t\t|_______/  \\______/  /________||_______|" << endl << flush;
    #####:  144:			cout << "" << endl << flush;
    #####:  145:			cout << flush;
    #####:  146:			this_thread::sleep_for(chrono::milliseconds(velocidade));
    #####:  147:			limpaConsole();
    #####:  148:			cout << flush;
    #####:  149:			this_thread::sleep_for(chrono::milliseconds(velocidade));
        -:  150:		}
    #####:  151:	}
------------------
_ZN17auxiliaresConsole12imprimirDozeEi:
    #####:  135:	void imprimirDoze(int velocidade) {
    #####:  136:		limpaConsole();
    #####:  137:		for (int i = 0; i < 4; i++) {
    #####:  138:			cout << "\t\t\t\t\t\t _______    ______   ________   _______ " << endl << flush;
    #####:  139:			cout << "\t\t\t\t\t\t|       \\  /  __  \\ |       /  |   ____|" << endl << flush;
    #####:  140:			cout << "\t\t\t\t\t\t|  .--.  ||  |  |  |`---/  /   |  |__   " << endl << flush;
    #####:  141:			cout << "\t\t\t\t\t\t|  |  |  ||  |  |  |   /  /    |   __|  " << endl << flush;
    #####:  142:			cout << "\t\t\t\t\t\t|  '--'  ||  `--'  |  /  /----.|  |____ " << endl << flush;
    #####:  143:			cout << "\t\t\t\t\t\t|_______/  \\______/  /________||_______|" << endl << flush;
    #####:  144:			cout << "" << endl << flush;
    #####:  145:			cout << flush;
    #####:  146:			this_thread::sleep_for(chrono::milliseconds(velocidade));
    #####:  147:			limpaConsole();
    #####:  148:			cout << flush;
    #####:  149:			this_thread::sleep_for(chrono::milliseconds(velocidade));
        -:  150:		}
    #####:  151:	}
------------------
_ZN17auxiliaresConsole12imprimirDozeEi:
    #####:  135:	void imprimirDoze(int velocidade) {
    #####:  136:		limpaConsole();
    #####:  137:		for (int i = 0; i < 4; i++) {
    #####:  138:			cout << "\t\t\t\t\t\t _______    ______   ________   _______ " << endl << flush;
    #####:  139:			cout << "\t\t\t\t\t\t|       \\  /  __  \\ |       /  |   ____|" << endl << flush;
    #####:  140:			cout << "\t\t\t\t\t\t|  .--.  ||  |  |  |`---/  /   |  |__   " << endl << flush;
    #####:  141:			cout << "\t\t\t\t\t\t|  |  |  ||  |  |  |   /  /    |   __|  " << endl << flush;
    #####:  142:			cout << "\t\t\t\t\t\t|  '--'  ||  `--'  |  /  /----.|  |____ " << endl << flush;
    #####:  143:			cout << "\t\t\t\t\t\t|_______/  \\______/  /________||_______|" << endl << flush;
    #####:  144:			cout << "" << endl << flush;
    #####:  145:			cout << flush;
    #####:  146:			this_thread::sleep_for(chrono::milliseconds(velocidade));
    #####:  147:			limpaConsole();
    #####:  148:			cout << flush;
    #####:  149:			this_thread::sleep_for(chrono::milliseconds(velocidade));
        -:  150:		}
    #####:  151:	}
------------------
_ZN17auxiliaresConsole12imprimirDozeEi:
    #####:  135:	void imprimirDoze(int velocidade) {
    #####:  136:		limpaConsole();
    #####:  137:		for (int i = 0; i < 4; i++) {
    #####:  138:			cout << "\t\t\t\t\t\t _______    ______   ________   _______ " << endl << flush;
    #####:  139:			cout << "\t\t\t\t\t\t|       \\  /  __  \\ |       /  |   ____|" << endl << flush;
    #####:  140:			cout << "\t\t\t\t\t\t|  .--.  ||  |  |  |`---/  /   |  |__   " << endl << flush;
    #####:  141:			cout << "\t\t\t\t\t\t|  |  |  ||  |  |  |   /  /    |   __|  " << endl << flush;
    #####:  142:			cout << "\t\t\t\t\t\t|  '--'  ||  `--'  |  /  /----.|  |____ " << endl << flush;
    #####:  143:			cout << "\t\t\t\t\t\t|_______/  \\______/  /________||_______|" << endl << flush;
    #####:  144:			cout << "" << endl << flush;
    #####:  145:			cout << flush;
    #####:  146:			this_thread::sleep_for(chrono::milliseconds(velocidade));
    #####:  147:			limpaConsole();
    #####:  148:			cout << flush;
    #####:  149:			this_thread::sleep_for(chrono::milliseconds(velocidade));
        -:  150:		}
    #####:  151:	}
------------------
_ZN17auxiliaresConsole12imprimirDozeEi:
    #####:  135:	void imprimirDoze(int velocidade) {
    #####:  136:		limpaConsole();
    #####:  137:		for (int i = 0; i < 4; i++) {
    #####:  138:			cout << "\t\t\t\t\t\t _______    ______   ________   _______ " << endl << flush;
    #####:  139:			cout << "\t\t\t\t\t\t|       \\  /  __  \\ |       /  |   ____|" << endl << flush;
    #####:  140:			cout << "\t\t\t\t\t\t|  .--.  ||  |  |  |`---/  /   |  |__   " << endl << flush;
    #####:  141:			cout << "\t\t\t\t\t\t|  |  |  ||  |  |  |   /  /    |   __|  " << endl << flush;
    #####:  142:			cout << "\t\t\t\t\t\t|  '--'  ||  `--'  |  /  /----.|  |____ " << endl << flush;
    #####:  143:			cout << "\t\t\t\t\t\t|_______/  \\______/  /________||_______|" << endl << flush;
    #####:  144:			cout << "" << endl << flush;
    #####:  145:			cout << flush;
    #####:  146:			this_thread::sleep_for(chrono::milliseconds(velocidade));
    #####:  147:			limpaConsole();
    #####:  148:			cout << flush;
    #####:  149:			this_thread::sleep_for(chrono::milliseconds(velocidade));
        -:  150:		}
    #####:  151:	}
------------------
_ZN17auxiliaresConsole12imprimirDozeEi:
    #####:  135:	void imprimirDoze(int velocidade) {
    #####:  136:		limpaConsole();
    #####:  137:		for (int i = 0; i < 4; i++) {
    #####:  138:			cout << "\t\t\t\t\t\t _______    ______   ________   _______ " << endl << flush;
    #####:  139:			cout << "\t\t\t\t\t\t|       \\  /  __  \\ |       /  |   ____|" << endl << flush;
    #####:  140:			cout << "\t\t\t\t\t\t|  .--.  ||  |  |  |`---/  /   |  |__   " << endl << flush;
    #####:  141:			cout << "\t\t\t\t\t\t|  |  |  ||  |  |  |   /  /    |   __|  " << endl << flush;
    #####:  142:			cout << "\t\t\t\t\t\t|  '--'  ||  `--'  |  /  /----.|  |____ " << endl << flush;
    #####:  143:			cout << "\t\t\t\t\t\t|_______/  \\______/  /________||_______|" << endl << flush;
    #####:  144:			cout << "" << endl << flush;
    #####:  145:			cout << flush;
    #####:  146:			this_thread::sleep_for(chrono::milliseconds(velocidade));
    #####:  147:			limpaConsole();
    #####:  148:			cout << flush;
    #####:  149:			this_thread::sleep_for(chrono::milliseconds(velocidade));
        -:  150:		}
    #####:  151:	}
------------------
_ZN17auxiliaresConsole12imprimirDozeEi:
    #####:  135:	void imprimirDoze(int velocidade) {
    #####:  136:		limpaConsole();
    #####:  137:		for (int i = 0; i < 4; i++) {
    #####:  138:			cout << "\t\t\t\t\t\t _______    ______   ________   _______ " << endl << flush;
    #####:  139:			cout << "\t\t\t\t\t\t|       \\  /  __  \\ |       /  |   ____|" << endl << flush;
    #####:  140:			cout << "\t\t\t\t\t\t|  .--.  ||  |  |  |`---/  /   |  |__   " << endl << flush;
    #####:  141:			cout << "\t\t\t\t\t\t|  |  |  ||  |  |  |   /  /    |   __|  " << endl << flush;
    #####:  142:			cout << "\t\t\t\t\t\t|  '--'  ||  `--'  |  /  /----.|  |____ " << endl << flush;
    #####:  143:			cout << "\t\t\t\t\t\t|_______/  \\______/  /________||_______|" << endl << flush;
    #####:  144:			cout << "" << endl << flush;
    #####:  145:			cout << flush;
    #####:  146:			this_thread::sleep_for(chrono::milliseconds(velocidade));
    #####:  147:			limpaConsole();
    #####:  148:			cout << flush;
    #####:  149:			this_thread::sleep_for(chrono::milliseconds(velocidade));
        -:  150:		}
    #####:  151:	}
------------------
_ZN17auxiliaresConsole12imprimirDozeEi:
    #####:  135:	void imprimirDoze(int velocidade) {
    #####:  136:		limpaConsole();
    #####:  137:		for (int i = 0; i < 4; i++) {
    #####:  138:			cout << "\t\t\t\t\t\t _______    ______   ________   _______ " << endl << flush;
    #####:  139:			cout << "\t\t\t\t\t\t|       \\  /  __  \\ |       /  |   ____|" << endl << flush;
    #####:  140:			cout << "\t\t\t\t\t\t|  .--.  ||  |  |  |`---/  /   |  |__   " << endl << flush;
    #####:  141:			cout << "\t\t\t\t\t\t|  |  |  ||  |  |  |   /  /    |   __|  " << endl << flush;
    #####:  142:			cout << "\t\t\t\t\t\t|  '--'  ||  `--'  |  /  /----.|  |____ " << endl << flush;
    #####:  143:			cout << "\t\t\t\t\t\t|_______/  \\______/  /________||_______|" << endl << flush;
    #####:  144:			cout << "" << endl << flush;
    #####:  145:			cout << flush;
    #####:  146:			this_thread::sleep_for(chrono::milliseconds(velocidade));
    #####:  147:			limpaConsole();
    #####:  148:			cout << flush;
    #####:  149:			this_thread::sleep_for(chrono::milliseconds(velocidade));
        -:  150:		}
    #####:  151:	}
------------------
_ZN17auxiliaresConsole12imprimirDozeEi:
    #####:  135:	void imprimirDoze(int velocidade) {
    #####:  136:		limpaConsole();
    #####:  137:		for (int i = 0; i < 4; i++) {
    #####:  138:			cout << "\t\t\t\t\t\t _______    ______   ________   _______ " << endl << flush;
    #####:  139:			cout << "\t\t\t\t\t\t|       \\  /  __  \\ |       /  |   ____|" << endl << flush;
    #####:  140:			cout << "\t\t\t\t\t\t|  .--.  ||  |  |  |`---/  /   |  |__   " << endl << flush;
    #####:  141:			cout << "\t\t\t\t\t\t|  |  |  ||  |  |  |   /  /    |   __|  " << endl << flush;
    #####:  142:			cout << "\t\t\t\t\t\t|  '--'  ||  `--'  |  /  /----.|  |____ " << endl << flush;
    #####:  143:			cout << "\t\t\t\t\t\t|_______/  \\______/  /________||_______|" << endl << flush;
    #####:  144:			cout << "" << endl << flush;
    #####:  145:			cout << flush;
    #####:  146:			this_thread::sleep_for(chrono::milliseconds(velocidade));
    #####:  147:			limpaConsole();
    #####:  148:			cout << flush;
    #####:  149:			this_thread::sleep_for(chrono::milliseconds(velocidade));
        -:  150:		}
    #####:  151:	}
------------------
_ZN17auxiliaresConsole12imprimirDozeEi:
    #####:  135:	void imprimirDoze(int velocidade) {
    #####:  136:		limpaConsole();
    #####:  137:		for (int i = 0; i < 4; i++) {
    #####:  138:			cout << "\t\t\t\t\t\t _______    ______   ________   _______ " << endl << flush;
    #####:  139:			cout << "\t\t\t\t\t\t|       \\  /  __  \\ |       /  |   ____|" << endl << flush;
    #####:  140:			cout << "\t\t\t\t\t\t|  .--.  ||  |  |  |`---/  /   |  |__   " << endl << flush;
    #####:  141:			cout << "\t\t\t\t\t\t|  |  |  ||  |  |  |   /  /    |   __|  " << endl << flush;
    #####:  142:			cout << "\t\t\t\t\t\t|  '--'  ||  `--'  |  /  /----.|  |____ " << endl << flush;
    #####:  143:			cout << "\t\t\t\t\t\t|_______/  \\______/  /________||_______|" << endl << flush;
    #####:  144:			cout << "" << endl << flush;
    #####:  145:			cout << flush;
    #####:  146:			this_thread::sleep_for(chrono::milliseconds(velocidade));
    #####:  147:			limpaConsole();
    #####:  148:			cout << flush;
    #####:  149:			this_thread::sleep_for(chrono::milliseconds(velocidade));
        -:  150:		}
    #####:  151:	}
------------------
_ZN17auxiliaresConsole12imprimirDozeEi:
    #####:  135:	void imprimirDoze(int velocidade) {
    #####:  136:		limpaConsole();
    #####:  137:		for (int i = 0; i < 4; i++) {
    #####:  138:			cout << "\t\t\t\t\t\t _______    ______   ________   _______ " << endl << flush;
    #####:  139:			cout << "\t\t\t\t\t\t|       \\  /  __  \\ |       /  |   ____|" << endl << flush;
    #####:  140:			cout << "\t\t\t\t\t\t|  .--.  ||  |  |  |`---/  /   |  |__   " << endl << flush;
    #####:  141:			cout << "\t\t\t\t\t\t|  |  |  ||  |  |  |   /  /    |   __|  " << endl << flush;
    #####:  142:			cout << "\t\t\t\t\t\t|  '--'  ||  `--'  |  /  /----.|  |____ " << endl << flush;
    #####:  143:			cout << "\t\t\t\t\t\t|_______/  \\______/  /________||_______|" << endl << flush;
    #####:  144:			cout << "" << endl << flush;
    #####:  145:			cout << flush;
    #####:  146:			this_thread::sleep_for(chrono::milliseconds(velocidade));
    #####:  147:			limpaConsole();
    #####:  148:			cout << flush;
    #####:  149:			this_thread::sleep_for(chrono::milliseconds(velocidade));
        -:  150:		}
    #####:  151:	}
------------------
_ZN17auxiliaresConsole12imprimirDozeEi:
    #####:  135:	void imprimirDoze(int velocidade) {
    #####:  136:		limpaConsole();
    #####:  137:		for (int i = 0; i < 4; i++) {
    #####:  138:			cout << "\t\t\t\t\t\t _______    ______   ________   _______ " << endl << flush;
    #####:  139:			cout << "\t\t\t\t\t\t|       \\  /  __  \\ |       /  |   ____|" << endl << flush;
    #####:  140:			cout << "\t\t\t\t\t\t|  .--.  ||  |  |  |`---/  /   |  |__   " << endl << flush;
    #####:  141:			cout << "\t\t\t\t\t\t|  |  |  ||  |  |  |   /  /    |   __|  " << endl << flush;
    #####:  142:			cout << "\t\t\t\t\t\t|  '--'  ||  `--'  |  /  /----.|  |____ " << endl << flush;
    #####:  143:			cout << "\t\t\t\t\t\t|_______/  \\______/  /________||_______|" << endl << flush;
    #####:  144:			cout << "" << endl << flush;
    #####:  145:			cout << flush;
    #####:  146:			this_thread::sleep_for(chrono::milliseconds(velocidade));
    #####:  147:			limpaConsole();
    #####:  148:			cout << flush;
    #####:  149:			this_thread::sleep_for(chrono::milliseconds(velocidade));
        -:  150:		}
    #####:  151:	}
------------------
_ZN17auxiliaresConsole12imprimirDozeEi:
    #####:  135:	void imprimirDoze(int velocidade) {
    #####:  136:		limpaConsole();
    #####:  137:		for (int i = 0; i < 4; i++) {
    #####:  138:			cout << "\t\t\t\t\t\t _______    ______   ________   _______ " << endl << flush;
    #####:  139:			cout << "\t\t\t\t\t\t|       \\  /  __  \\ |       /  |   ____|" << endl << flush;
    #####:  140:			cout << "\t\t\t\t\t\t|  .--.  ||  |  |  |`---/  /   |  |__   " << endl << flush;
    #####:  141:			cout << "\t\t\t\t\t\t|  |  |  ||  |  |  |   /  /    |   __|  " << endl << flush;
    #####:  142:			cout << "\t\t\t\t\t\t|  '--'  ||  `--'  |  /  /----.|  |____ " << endl << flush;
    #####:  143:			cout << "\t\t\t\t\t\t|_______/  \\______/  /________||_______|" << endl << flush;
    #####:  144:			cout << "" << endl << flush;
    #####:  145:			cout << flush;
    #####:  146:			this_thread::sleep_for(chrono::milliseconds(velocidade));
    #####:  147:			limpaConsole();
    #####:  148:			cout << flush;
    #####:  149:			this_thread::sleep_for(chrono::milliseconds(velocidade));
        -:  150:		}
    #####:  151:	}
------------------
_ZN17auxiliaresConsole12imprimirDozeEi:
    #####:  135:	void imprimirDoze(int velocidade) {
    #####:  136:		limpaConsole();
    #####:  137:		for (int i = 0; i < 4; i++) {
    #####:  138:			cout << "\t\t\t\t\t\t _______    ______   ________   _______ " << endl << flush;
    #####:  139:			cout << "\t\t\t\t\t\t|       \\  /  __  \\ |       /  |   ____|" << endl << flush;
    #####:  140:			cout << "\t\t\t\t\t\t|  .--.  ||  |  |  |`---/  /   |  |__   " << endl << flush;
    #####:  141:			cout << "\t\t\t\t\t\t|  |  |  ||  |  |  |   /  /    |   __|  " << endl << flush;
    #####:  142:			cout << "\t\t\t\t\t\t|  '--'  ||  `--'  |  /  /----.|  |____ " << endl << flush;
    #####:  143:			cout << "\t\t\t\t\t\t|_______/  \\______/  /________||_______|" << endl << flush;
    #####:  144:			cout << "" << endl << flush;
    #####:  145:			cout << flush;
    #####:  146:			this_thread::sleep_for(chrono::milliseconds(velocidade));
    #####:  147:			limpaConsole();
    #####:  148:			cout << flush;
    #####:  149:			this_thread::sleep_for(chrono::milliseconds(velocidade));
        -:  150:		}
    #####:  151:	}
------------------
_ZN17auxiliaresConsole12imprimirDozeEi:
    #####:  135:	void imprimirDoze(int velocidade) {
    #####:  136:		limpaConsole();
    #####:  137:		for (int i = 0; i < 4; i++) {
    #####:  138:			cout << "\t\t\t\t\t\t _______    ______   ________   _______ " << endl << flush;
    #####:  139:			cout << "\t\t\t\t\t\t|       \\  /  __  \\ |       /  |   ____|" << endl << flush;
    #####:  140:			cout << "\t\t\t\t\t\t|  .--.  ||  |  |  |`---/  /   |  |__   " << endl << flush;
    #####:  141:			cout << "\t\t\t\t\t\t|  |  |  ||  |  |  |   /  /    |   __|  " << endl << flush;
    #####:  142:			cout << "\t\t\t\t\t\t|  '--'  ||  `--'  |  /  /----.|  |____ " << endl << flush;
    #####:  143:			cout << "\t\t\t\t\t\t|_______/  \\______/  /________||_______|" << endl << flush;
    #####:  144:			cout << "" << endl << flush;
    #####:  145:			cout << flush;
    #####:  146:			this_thread::sleep_for(chrono::milliseconds(velocidade));
    #####:  147:			limpaConsole();
    #####:  148:			cout << flush;
    #####:  149:			this_thread::sleep_for(chrono::milliseconds(velocidade));
        -:  150:		}
    #####:  151:	}
------------------
_ZN17auxiliaresConsole12imprimirDozeEi:
    #####:  135:	void imprimirDoze(int velocidade) {
    #####:  136:		limpaConsole();
    #####:  137:		for (int i = 0; i < 4; i++) {
    #####:  138:			cout << "\t\t\t\t\t\t _______    ______   ________   _______ " << endl << flush;
    #####:  139:			cout << "\t\t\t\t\t\t|       \\  /  __  \\ |       /  |   ____|" << endl << flush;
    #####:  140:			cout << "\t\t\t\t\t\t|  .--.  ||  |  |  |`---/  /   |  |__   " << endl << flush;
    #####:  141:			cout << "\t\t\t\t\t\t|  |  |  ||  |  |  |   /  /    |   __|  " << endl << flush;
    #####:  142:			cout << "\t\t\t\t\t\t|  '--'  ||  `--'  |  /  /----.|  |____ " << endl << flush;
    #####:  143:			cout << "\t\t\t\t\t\t|_______/  \\______/  /________||_______|" << endl << flush;
    #####:  144:			cout << "" << endl << flush;
    #####:  145:			cout << flush;
    #####:  146:			this_thread::sleep_for(chrono::milliseconds(velocidade));
    #####:  147:			limpaConsole();
    #####:  148:			cout << flush;
    #####:  149:			this_thread::sleep_for(chrono::milliseconds(velocidade));
        -:  150:		}
    #####:  151:	}
------------------
_ZN17auxiliaresConsole12imprimirDozeEi:
    #####:  135:	void imprimirDoze(int velocidade) {
    #####:  136:		limpaConsole();
    #####:  137:		for (int i = 0; i < 4; i++) {
    #####:  138:			cout << "\t\t\t\t\t\t _______    ______   ________   _______ " << endl << flush;
    #####:  139:			cout << "\t\t\t\t\t\t|       \\  /  __  \\ |       /  |   ____|" << endl << flush;
    #####:  140:			cout << "\t\t\t\t\t\t|  .--.  ||  |  |  |`---/  /   |  |__   " << endl << flush;
    #####:  141:			cout << "\t\t\t\t\t\t|  |  |  ||  |  |  |   /  /    |   __|  " << endl << flush;
    #####:  142:			cout << "\t\t\t\t\t\t|  '--'  ||  `--'  |  /  /----.|  |____ " << endl << flush;
    #####:  143:			cout << "\t\t\t\t\t\t|_______/  \\______/  /________||_______|" << endl << flush;
    #####:  144:			cout << "" << endl << flush;
    #####:  145:			cout << flush;
    #####:  146:			this_thread::sleep_for(chrono::milliseconds(velocidade));
    #####:  147:			limpaConsole();
    #####:  148:			cout << flush;
    #####:  149:			this_thread::sleep_for(chrono::milliseconds(velocidade));
        -:  150:		}
    #####:  151:	}
------------------
        -:  152:}
